<?xml version="1.0" encoding="UTF-8"?>
<!-- Generated by org.testng.reporters.JUnitXMLReporter -->
<testsuite ignored="0" hostname="DESKTOP-8M27IT2" failures="0" tests="6" name=" AddToCartTest" time="112.562" errors="0" timestamp="2023-05-27T21:52:08 EDT">
  <testcase classname="tutorialsNinja.AddToCartTest" name="VerifyRemoveAnItemFromCartWhnOnePrdctAdded" time="8.249"/>
  <testcase classname="tutorialsNinja.AddToCartTest" name="verifyUpdateAnItem" time="10.045"/>
  <testcase classname="tutorialsNinja.AddToCartTest" name="verifyPrdctUpdtQunt" time="11.31"/>
  <testcase classname="tutorialsNinja.AddToCartTest" name="verifyPrdctUpdtQunt" time="11.687"/>
  <testcase classname="tutorialsNinja.AddToCartTest" name="verifyPrdctUpdtQunt" time="12.788"/>
  <testcase classname="tutorialsNinja.AddToCartTest" name="addPrdctsFrmPrdctCmprsnHmPge" time="8.469"/>
</testsuite> <!--  AddToCartTest -->
