<?xml version="1.0" encoding="UTF-8"?>
<!-- Generated by org.testng.reporters.JUnitXMLReporter -->
<testsuite ignored="0" hostname="DESKTOP-8M27IT2" failures="0" tests="8" name=" AddToCartTest" time="115.16" errors="0" timestamp="2023-05-26T12:44:15 EDT">
  <testcase classname="tutorialsNinja.AddToCartTest" name="verifyUserNavigateTShoppingCartHmPge" time="13.461"/>
  <testcase classname="tutorialsNinja.AddToCartTest" name="verifyAddingItemToCart" time="3.862"/>
  <testcase classname="tutorialsNinja.AddToCartTest" name="VerifyRemoveAnItemFromCart" time="6.896"/>
  <testcase classname="tutorialsNinja.AddToCartTest" name="verifyUpdateAnItem" time="7.058"/>
  <testcase classname="tutorialsNinja.AddToCartTest" name="verifyPrdctUpdtQunt" time="7.446"/>
  <testcase classname="tutorialsNinja.AddToCartTest" name="verifyPrdctUpdtQunt" time="6.782"/>
  <testcase classname="tutorialsNinja.AddToCartTest" name="verifyPrdctUpdtQunt" time="6.802"/>
  <testcase classname="tutorialsNinja.AddToCartTest" name="verifyAddingDuplicatePrdctsTCrt" time="10.587"/>
</testsuite> <!--  AddToCartTest -->
