<?xml version="1.0" encoding="UTF-8"?>
<!-- Generated by org.testng.reporters.JUnitXMLReporter -->
<testsuite ignored="0" hostname="DESKTOP-8M27IT2" failures="0" tests="4" name=" CheckoutTest" time="61.353" errors="0" timestamp="2023-05-26T12:42:20 EDT">
  <testcase classname="tutorialsNinja.CheckoutTest" name="verifyUserNavigateToCheckoutHomePge" time="1.155"/>
  <testcase classname="tutorialsNinja.CheckoutTest" name="verifyCouponfonctionality" time="9.378"/>
  <testcase classname="tutorialsNinja.CheckoutTest" name="verifyCouponfonctionality" time="8.66"/>
  <testcase classname="tutorialsNinja.CheckoutTest" name="verifycouponFieldPlaceHolder" time="7.402"/>
</testsuite> <!--  CheckoutTest -->
