<?xml version="1.0" encoding="UTF-8"?>
<!-- Generated by org.testng.reporters.JUnitXMLReporter -->
<testsuite ignored="0" hostname="DESKTOP-8M27IT2" failures="0" tests="5" name=" CheckoutTest" time="71.973" errors="0" timestamp="2023-05-27T21:50:16 EDT">
  <testcase classname="tutorialsNinja.CheckoutTest" name="verfyUsrNvgtChcktHmPge" time="1.346"/>
  <testcase classname="tutorialsNinja.CheckoutTest" name="verifyUserNavigateToCheckoutHomePgeWthNoPrdcts" time="0.913"/>
  <testcase classname="tutorialsNinja.CheckoutTest" name="verifyCouponfonctionality" time="8.43"/>
  <testcase classname="tutorialsNinja.CheckoutTest" name="verifyCouponfonctionality" time="9.878"/>
  <testcase classname="tutorialsNinja.CheckoutTest" name="verifycouponFieldPlaceHolder" time="9.904"/>
</testsuite> <!--  CheckoutTest -->
