<?xml version="1.0" encoding="UTF-8"?>
<!-- Generated by org.testng.reporters.JUnitXMLReporter -->
<testsuite ignored="0" hostname="DESKTOP-8M27IT2" failures="0" tests="6" name=" ForgottenPasswordTest" time="93.819" errors="0" timestamp="2023-05-27T21:48:25 EDT">
  <testcase classname="tutorialsNinja.ForgottenPasswordTest" name="verifyUserNavigatingToTheForgotPasswordPage" time="2.035"/>
  <testcase classname="tutorialsNinja.ForgottenPasswordTest" name="verifyLgnPgeAftrBackBtnClkOnFrgtPaswrd" time="1.094"/>
  <testcase classname="tutorialsNinja.ForgottenPasswordTest" name="resetPassForNonRegistredUsers" time="3.399"/>
  <testcase classname="tutorialsNinja.ForgottenPasswordTest" name="resetPasswordWithoutEmail" time="1.175"/>
  <testcase classname="tutorialsNinja.ForgottenPasswordTest" name="verifyThePlaceHoldTextEmailAddress" time="1.147"/>
  <testcase classname="tutorialsNinja.ForgottenPasswordTest" name="verifyForgottenPasswordPageUI" time="0.668"/>
</testsuite> <!--  ForgottenPasswordTest -->
