<?xml version="1.0" encoding="UTF-8"?>
<!-- Generated by org.testng.reporters.JUnitXMLReporter -->
<testsuite ignored="0" hostname="DESKTOP-8M27IT2" failures="0" tests="6" name=" ForgottenPasswordTest" time="52.62" errors="0" timestamp="2023-05-23T18:16:38 EDT">
  <testcase classname="tutorialsNinja.ForgottenPasswordTest" name="verifyUserNavigatesToTheForgotPasswordPage" time="1.403"/>
  <testcase classname="tutorialsNinja.ForgottenPasswordTest" name="verifyLgnPgeAftrBackBtnClkOnFrgtPaswrd" time="1.18"/>
  <testcase classname="tutorialsNinja.ForgottenPasswordTest" name="resetPassForNonRegistredUsers" time="2.947"/>
  <testcase classname="tutorialsNinja.ForgottenPasswordTest" name="resetPasswordWithoutEmail" time="1.221"/>
  <testcase classname="tutorialsNinja.ForgottenPasswordTest" name="verifyThePlaceHoldText" time="0.575"/>
  <testcase classname="tutorialsNinja.ForgottenPasswordTest" name="verifyForgottenPasswordPageUI" time="0.728"/>
</testsuite> <!--  ForgottenPasswordTest -->
