<?xml version="1.0" encoding="UTF-8"?>
<!-- Generated by org.testng.reporters.JUnitXMLReporter -->
<testsuite ignored="0" hostname="DESKTOP-8M27IT2" failures="1" tests="8" name=" LoginTest" time="87.554" errors="0" timestamp="2023-05-26T12:38:23 EDT">
  <testcase classname="tutorialsNinja.LoginTest" name="testLoginWithCredentials" time="1.53"/>
  <testcase classname="tutorialsNinja.LoginTest" name="testLoginWithCredentials" time="0.896"/>
  <testcase classname="tutorialsNinja.LoginTest" name="testLoginWithCredentials" time="1.043"/>
  <testcase classname="tutorialsNinja.LoginTest" name="testLoginWithCredentials" time="0.971"/>
  <testcase classname="tutorialsNinja.LoginTest" name="testLoginWithCredentials" time="0.929"/>
  <testcase classname="tutorialsNinja.LoginTest" name="verifyTheNumberOfUnsuccessfulLoginAttempts" time="1.984"/>
  <testcase classname="tutorialsNinja.LoginTest" name="checkPasswordVisibility" time="1.088">
    <failure type="java.lang.AssertionError" message="Password is visible to the page source expected [true] but found [false]">
      <![CDATA[java.lang.AssertionError: Password is visible to the page source expected [true] but found [false]
at tutorialsNinja.LoginTest.checkPasswordVisibility(LoginTest.java:101)
at java.base/java.util.ArrayList.forEach(ArrayList.java:1511)
at com.intellij.rt.testng.IDEARemoteTestNG.run(IDEARemoteTestNG.java:66)
at com.intellij.rt.testng.RemoteTestNGStarter.main(RemoteTestNGStarter.java:105)
... Removed 25 stack frames]]>
    </failure>
  </testcase> <!-- checkPasswordVisibility -->
  <testcase classname="tutorialsNinja.LoginTest" name="testLoginFieldsPlaceholders" time="0.181"/>
</testsuite> <!--  LoginTest -->
