<?xml version="1.0" encoding="UTF-8"?>
<!-- Generated by org.testng.reporters.JUnitXMLReporter -->
<testsuite ignored="0" hostname="DESKTOP-8M27IT2" failures="1" tests="8" name=" LoginTest" time="68.066" errors="0" timestamp="2023-05-22T21:48:32 EDT">
  <testcase classname="tutorialsNinja.LoginTest" name="testLoginWithCredentials" time="1.188"/>
  <testcase classname="tutorialsNinja.LoginTest" name="testLoginWithCredentials" time="0.97"/>
  <testcase classname="tutorialsNinja.LoginTest" name="testLoginWithCredentials" time="0.905"/>
  <testcase classname="tutorialsNinja.LoginTest" name="testLoginWithCredentials" time="0.999"/>
  <testcase classname="tutorialsNinja.LoginTest" name="testLoginWithCredentials" time="0.809"/>
  <testcase classname="tutorialsNinja.LoginTest" name="verifyTheNumberOfUnsuccessfulLoginAttempts" time="2.01"/>
  <testcase classname="tutorialsNinja.LoginTest" name="checkPasswordVisibility" time="0.842">
    <failure type="java.lang.AssertionError" message="Password is visible to the page source expected [true] but found [false]">
      <![CDATA[java.lang.AssertionError: Password is visible to the page source expected [true] but found [false]
at tutorialsNinja.LoginTest.checkPasswordVisibility(LoginTest.java:101)
at java.base/java.util.ArrayList.forEach(ArrayList.java:1511)
at com.intellij.rt.testng.IDEARemoteTestNG.run(IDEARemoteTestNG.java:66)
at com.intellij.rt.testng.RemoteTestNGStarter.main(RemoteTestNGStarter.java:105)
... Removed 25 stack frames]]>
    </failure>
  </testcase> <!-- checkPasswordVisibility -->
  <testcase classname="tutorialsNinja.LoginTest" name="testLoginFieldsPlaceholders" time="0.159"/>
</testsuite> <!--  LoginTest -->
