<?xml version="1.0" encoding="UTF-8"?>
<!-- Generated by org.testng.reporters.JUnitXMLReporter -->
<testsuite ignored="0" hostname="DESKTOP-8M27IT2" failures="2" tests="5" name=" RegisterTest" time="40.985" errors="0" timestamp="2023-05-19T22:56:04 EDT">
  <testcase classname="tutorialsNinja.RegisterTest" name="VerifyDifferentWaysToNavigateToTheRegisterPage" time="3.217"/>
  <testcase classname="tutorialsNinja.RegisterTest" name="VerifyThePasswordNotVisibleToTheSourcePage" time="1.455">
    <failure type="java.lang.AssertionError" message="the password is visible expected [true] but found [false]">
      <![CDATA[java.lang.AssertionError: the password is visible expected [true] but found [false]
at tutorialsNinja.RegisterTest.VerifyThePasswordNotVisibleToTheSourcePage(RegisterTest.java:115)
at java.base/java.util.ArrayList.forEach(ArrayList.java:1511)
at com.intellij.rt.testng.IDEARemoteTestNG.run(IDEARemoteTestNG.java:66)
at com.intellij.rt.testng.RemoteTestNGStarter.main(RemoteTestNGStarter.java:105)
... Removed 25 stack frames]]>
    </failure>
  </testcase> <!-- VerifyThePasswordNotVisibleToTheSourcePage -->
  <testcase classname="tutorialsNinja.RegisterTest" name="fillupAllTheMandatoryFields" time="2.756"/>
  <testcase classname="tutorialsNinja.RegisterTest" name="registerWithInvalidPhoneNumber" time="2.956">
    <failure type="java.lang.AssertionError" message="expected [false] but found [true]">
      <![CDATA[java.lang.AssertionError: expected [false] but found [true]
at tutorialsNinja.RegisterTest.registerWithInvalidPhoneNumber(RegisterTest.java:85)
at java.base/java.util.ArrayList.forEach(ArrayList.java:1511)
at com.intellij.rt.testng.IDEARemoteTestNG.run(IDEARemoteTestNG.java:66)
at com.intellij.rt.testng.RemoteTestNGStarter.main(RemoteTestNGStarter.java:105)
... Removed 26 stack frames]]>
    </failure>
  </testcase> <!-- registerWithInvalidPhoneNumber -->
  <testcase classname="tutorialsNinja.RegisterTest" name="verifyRegisterWithAnExistingEmailAddress" time="2.898"/>
</testsuite> <!--  RegisterTest -->
