<?xml version="1.0" encoding="UTF-8"?>
<!-- Generated by org.testng.reporters.JUnitXMLReporter -->
<testsuite ignored="0" hostname="DESKTOP-8M27IT2" failures="1" tests="4" name=" SearchProductsTest" time="40.836" errors="0" timestamp="2023-05-21T00:59:05 EDT">
  <testcase classname="tutorialsNinja.SearchProductsTest" name="verifyProductDisplayCount" time="2.237">
    <failure type="java.lang.AssertionError" message="Displayed product count doesn&amp;apos;t match the selected count expected [100] but found [3]">
      <![CDATA[java.lang.AssertionError: Displayed product count doesn't match the selected count expected [100] but found [3]
at tutorialsNinja.SearchProductsTest.verifyProductDisplayCount(SearchProductsTest.java:117)
at java.base/java.util.ArrayList.forEach(ArrayList.java:1511)
at com.intellij.rt.testng.IDEARemoteTestNG.run(IDEARemoteTestNG.java:66)
at com.intellij.rt.testng.RemoteTestNGStarter.main(RemoteTestNGStarter.java:105)
... Removed 28 stack frames]]>
    </failure>
  </testcase> <!-- verifyProductDisplayCount -->
  <testcase classname="tutorialsNinja.SearchProductsTest" name="verifySearchWithANonExistingProduct" time="0.779"/>
  <testcase classname="tutorialsNinja.SearchProductsTest" name="verifySearchWithAnExistingProduct" time="1.592"/>
  <testcase classname="tutorialsNinja.SearchProductsTest" name="verifyUsernavigatedToTHeSearchHomePage" time="1.716"/>
</testsuite> <!--  SearchProductsTest -->
