<?xml version="1.0" encoding="UTF-8"?>
<!-- Generated by org.testng.reporters.JUnitXMLReporter -->
<testsuite ignored="0" hostname="DESKTOP-VGL07N4" failures="0" tests="4" name="OrangeHRM tests" time="153.78" errors="0" timestamp="2023-05-30T21:46:29 MDT">
  <testcase classname="orangeHRM.BuzzSection" name="sharePost" time="30.37"/>
  <testcase classname="orangeHRM.BuzzSection" name="editSharedPost" time="44.371"/>
  <testcase classname="orangeHRM.BuzzSection" name="DeletePost" time="26.645"/>
  <testcase classname="orangeHRM.BuzzSection" name="addCommentAndLike" time="21.811"/>
</testsuite> <!-- OrangeHRM tests -->
