<?xml version="1.0" encoding="UTF-8"?>
<!-- Generated by org.testng.reporters.JUnitXMLReporter -->
<testsuite ignored="0" hostname="DESKTOP-VGL07N4" failures="0" tests="3" name="login test" time="58.735" errors="0" timestamp="2023-05-08T20:44:33 MDT">
  <testcase classname="OrangeHRM.LoginTestOrange" name="InavlidCeredentials" time="4.781"/>
  <testcase classname="OrangeHRM.LoginTestOrange" name="noCred" time="0.914"/>
  <testcase classname="OrangeHRM.LoginTestOrange" name="validCred" time="3.622"/>
</testsuite> <!-- login test -->
