<?xml version="1.0" encoding="UTF-8"?>
<!-- Generated by org.testng.reporters.JUnitXMLReporter -->
<testsuite ignored="2" hostname="LAPTOP-PEINJOCF" failures="0" tests="8" name="nopCommerce Tests" time="104.718" errors="0" timestamp="2023-05-30T20:00:10 EDT">
  <testcase classname="nopCommerce.RegisterNewUser" name="registerUserWithAllDetails" time="13.935"/>
  <testcase classname="nopCommerce.RegisterNewUser" name="registerUserWithEmptyDetails" time="3.141"/>
  <testcase classname="nopCommerce.RegisterNewUser" name="registerUserWithoutCompanyDetails" time="5.729"/>
  <testcase classname="nopCommerce.RegisterNewUser" name="registerUserWithoutEmail" time="3.978"/>
  <testcase classname="nopCommerce.RegisterNewUser" name="registerUserWithoutFirstName" time="3.976"/>
  <testcase classname="nopCommerce.RegisterNewUser" name="registerUserWithoutLastName" time="3.825"/>
  <testcase classname="nopCommerce.RegisterNewUser" name="registerUserWithoutPassword" time="3.868"/>
  <testcase classname="nopCommerce.LoginTest" name="validCredential" time="10.786"/>
  <testcase classname="us.piit.base.CommonAPI" name="@BeforeSuite extentSetup" time="0.0">
    <ignored/>
  </testcase> <!-- @BeforeSuite extentSetup -->
  <testcase classname="us.piit.base.CommonAPI" name="@AfterSuite generateReport" time="0.0">
    <ignored/>
  </testcase> <!-- @AfterSuite generateReport -->
</testsuite> <!-- nopCommerce Tests -->
