<?xml version="1.0" encoding="UTF-8"?>
<testng-results ignored="0" total="5" passed="5" failed="0" skipped="0">
  <reporter-output>
    <line>
      <![CDATA[Extent Report DirectoryC:\Users\My Pc\eclipse-workspace\Final_exam_Selenium\test-output\html]]>
    </line>
  </reporter-output>
  <suite started-at="2023-05-23T03:45:41 EDT" name="tutorialsNinja test" finished-at="2023-05-23T03:46:44 EDT" duration-ms="63966">
    <groups>
      <group name="placeHolderTests">
        <method signature="ForgottenPasswordTest.verifyThePlaceHoldText()[pri:5, instance:tutorialsNinja.ForgottenPasswordTest@4b6690c0]" name="verifyThePlaceHoldText" class="tutorialsNinja.ForgottenPasswordTest"/>
      </group> <!-- placeHolderTests -->
      <group name="resetPasswordTests">
        <method signature="ForgottenPasswordTest.resetPassForNonRegistredUsers(java.lang.String,java.lang.String)[pri:3, instance:tutorialsNinja.ForgottenPasswordTest@4b6690c0]" name="resetPassForNonRegistredUsers" class="tutorialsNinja.ForgottenPasswordTest"/>
        <method signature="ForgottenPasswordTest.resetPasswordWithoutEmail()[pri:4, instance:tutorialsNinja.ForgottenPasswordTest@4b6690c0]" name="resetPasswordWithoutEmail" class="tutorialsNinja.ForgottenPasswordTest"/>
      </group> <!-- resetPasswordTests -->
      <group name="navigationTests">
        <method signature="ForgottenPasswordTest.verifyUserNavigatesToTheForgotPasswordPage(java.lang.String)[pri:1, instance:tutorialsNinja.ForgottenPasswordTest@4b6690c0]" name="verifyUserNavigatesToTheForgotPasswordPage" class="tutorialsNinja.ForgottenPasswordTest"/>
        <method signature="ForgottenPasswordTest.verifyLgnPgeAftrBackBtnClkOnFrgtPaswrd()[pri:2, instance:tutorialsNinja.ForgottenPasswordTest@4b6690c0]" name="verifyLgnPgeAftrBackBtnClkOnFrgtPaswrd" class="tutorialsNinja.ForgottenPasswordTest"/>
      </group> <!-- navigationTests -->
    </groups>
    <test started-at="2023-05-23T03:45:41 EDT" name=" ForgottenPasswordTest" finished-at="2023-05-23T03:46:44 EDT" duration-ms="63966">
      <class name="tutorialsNinja.ForgottenPasswordTest">
        <test-method is-config="true" signature="extentSetup(org.testng.ITestContext)[pri:0, instance:tutorialsNinja.ForgottenPasswordTest@4b6690c0]" started-at="2023-05-23T03:45:40 EDT" name="extentSetup" finished-at="2023-05-23T03:45:41 EDT" duration-ms="283" status="PASS">
          <params>
            <param index="0">
              <value>
                <![CDATA[org.testng.TestRunner@64b018f3]]>
              </value>
            </param>
          </params>
          <reporter-output>
            <line>
              <![CDATA[Extent Report DirectoryC:\Users\My Pc\eclipse-workspace\Final_exam_Selenium\test-output\html]]>
            </line>
          </reporter-output>
        </test-method> <!-- extentSetup -->
        <test-method is-config="true" signature="setUp(java.lang.String,java.lang.String,java.lang.String,java.lang.String,java.lang.String,java.lang.String,java.lang.String)[pri:0, instance:tutorialsNinja.ForgottenPasswordTest@4b6690c0]" started-at="2023-05-23T03:45:41 EDT" name="setUp" finished-at="2023-05-23T03:45:51 EDT" duration-ms="10239" status="PASS">
          <params>
            <param index="0">
              <value>
                <![CDATA[true]]>
              </value>
            </param>
            <param index="1">
              <value>
                <![CDATA[browserstack]]>
              </value>
            </param>
            <param index="2">
              <value>
                <![CDATA[windows]]>
              </value>
            </param>
            <param index="3">
              <value>
                <![CDATA[8]]>
              </value>
            </param>
            <param index="4">
              <value>
                <![CDATA[edge]]>
              </value>
            </param>
            <param index="5">
              <value>
                <![CDATA[109]]>
              </value>
            </param>
            <param index="6">
              <value>
                <![CDATA[https://tutorialsninja.com/demo/index.php?route=account/login]]>
              </value>
            </param>
          </params>
          <reporter-output>
          </reporter-output>
        </test-method> <!-- setUp -->
        <test-method is-config="true" signature="startExtent(java.lang.reflect.Method)[pri:0, instance:tutorialsNinja.ForgottenPasswordTest@4b6690c0]" started-at="2023-05-23T03:45:51 EDT" name="startExtent" finished-at="2023-05-23T03:45:51 EDT" duration-ms="9" status="PASS">
          <params>
            <param index="0">
              <value>
                <![CDATA[public void tutorialsNinja.ForgottenPasswordTest.verifyUserNavigatesToTheForgotPasswordPage(java.lang.String)]]>
              </value>
            </param>
          </params>
          <reporter-output>
          </reporter-output>
        </test-method> <!-- startExtent -->
        <test-method signature="verifyUserNavigatesToTheForgotPasswordPage(java.lang.String)[pri:1, instance:tutorialsNinja.ForgottenPasswordTest@4b6690c0]" started-at="2023-05-23T03:45:51 EDT" name="verifyUserNavigatesToTheForgotPasswordPage" data-provider="forgotPasswordData" finished-at="2023-05-23T03:45:53 EDT" duration-ms="2378" status="PASS">
          <params>
            <param index="0">
              <value>
                <![CDATA[sunflower"+ generateTimeStamp()+"@gmail.com]]>
              </value>
            </param>
          </params>
          <reporter-output>
          </reporter-output>
        </test-method> <!-- verifyUserNavigatesToTheForgotPasswordPage -->
        <test-method is-config="true" signature="afterEachTestMethod(org.testng.ITestResult)[pri:0, instance:tutorialsNinja.ForgottenPasswordTest@4b6690c0]" started-at="2023-05-23T03:45:53 EDT" name="afterEachTestMethod" finished-at="2023-05-23T03:45:55 EDT" duration-ms="1307" status="PASS">
          <params>
            <param index="0">
              <value>
                <![CDATA[[TestResult name=verifyUserNavigatesToTheForgotPasswordPage status=SUCCESS method=ForgottenPasswordTest.verifyUserNavigatesToTheForgotPasswordPage(java.lang.String)[pri:1, instance:tutorialsNinja.ForgottenPasswordTest@4b6690c0] output={null}]]]>
              </value>
            </param>
          </params>
          <reporter-output>
          </reporter-output>
        </test-method> <!-- afterEachTestMethod -->
        <test-method is-config="true" signature="tearDownR()[pri:0, instance:tutorialsNinja.ForgottenPasswordTest@4b6690c0]" started-at="2023-05-23T03:45:55 EDT" name="tearDownR" finished-at="2023-05-23T03:45:55 EDT" duration-ms="3" status="PASS">
          <reporter-output>
          </reporter-output>
        </test-method> <!-- tearDownR -->
        <test-method is-config="true" signature="setUp(java.lang.String,java.lang.String,java.lang.String,java.lang.String,java.lang.String,java.lang.String,java.lang.String)[pri:0, instance:tutorialsNinja.ForgottenPasswordTest@4b6690c0]" started-at="2023-05-23T03:45:55 EDT" name="setUp" finished-at="2023-05-23T03:46:02 EDT" duration-ms="7849" status="PASS">
          <params>
            <param index="0">
              <value>
                <![CDATA[true]]>
              </value>
            </param>
            <param index="1">
              <value>
                <![CDATA[browserstack]]>
              </value>
            </param>
            <param index="2">
              <value>
                <![CDATA[windows]]>
              </value>
            </param>
            <param index="3">
              <value>
                <![CDATA[8]]>
              </value>
            </param>
            <param index="4">
              <value>
                <![CDATA[edge]]>
              </value>
            </param>
            <param index="5">
              <value>
                <![CDATA[109]]>
              </value>
            </param>
            <param index="6">
              <value>
                <![CDATA[https://tutorialsninja.com/demo/index.php?route=account/login]]>
              </value>
            </param>
          </params>
          <reporter-output>
          </reporter-output>
        </test-method> <!-- setUp -->
        <test-method is-config="true" signature="startExtent(java.lang.reflect.Method)[pri:0, instance:tutorialsNinja.ForgottenPasswordTest@4b6690c0]" started-at="2023-05-23T03:46:02 EDT" name="startExtent" finished-at="2023-05-23T03:46:02 EDT" duration-ms="2" status="PASS">
          <params>
            <param index="0">
              <value>
                <![CDATA[public void tutorialsNinja.ForgottenPasswordTest.verifyLgnPgeAftrBackBtnClkOnFrgtPaswrd()]]>
              </value>
            </param>
          </params>
          <reporter-output>
          </reporter-output>
        </test-method> <!-- startExtent -->
        <test-method signature="verifyLgnPgeAftrBackBtnClkOnFrgtPaswrd()[pri:2, instance:tutorialsNinja.ForgottenPasswordTest@4b6690c0]" started-at="2023-05-23T03:46:02 EDT" name="verifyLgnPgeAftrBackBtnClkOnFrgtPaswrd" finished-at="2023-05-23T03:46:04 EDT" duration-ms="1809" status="PASS">
          <reporter-output>
          </reporter-output>
        </test-method> <!-- verifyLgnPgeAftrBackBtnClkOnFrgtPaswrd -->
        <test-method is-config="true" signature="afterEachTestMethod(org.testng.ITestResult)[pri:0, instance:tutorialsNinja.ForgottenPasswordTest@4b6690c0]" started-at="2023-05-23T03:46:04 EDT" name="afterEachTestMethod" finished-at="2023-05-23T03:46:05 EDT" duration-ms="1005" status="PASS">
          <params>
            <param index="0">
              <value>
                <![CDATA[[TestResult name=verifyLgnPgeAftrBackBtnClkOnFrgtPaswrd status=SUCCESS method=ForgottenPasswordTest.verifyLgnPgeAftrBackBtnClkOnFrgtPaswrd()[pri:2, instance:tutorialsNinja.ForgottenPasswordTest@4b6690c0] output={null}]]]>
              </value>
            </param>
          </params>
          <reporter-output>
          </reporter-output>
        </test-method> <!-- afterEachTestMethod -->
        <test-method is-config="true" signature="tearDownR()[pri:0, instance:tutorialsNinja.ForgottenPasswordTest@4b6690c0]" started-at="2023-05-23T03:46:05 EDT" name="tearDownR" finished-at="2023-05-23T03:46:05 EDT" duration-ms="1" status="PASS">
          <reporter-output>
          </reporter-output>
        </test-method> <!-- tearDownR -->
        <test-method is-config="true" signature="setUp(java.lang.String,java.lang.String,java.lang.String,java.lang.String,java.lang.String,java.lang.String,java.lang.String)[pri:0, instance:tutorialsNinja.ForgottenPasswordTest@4b6690c0]" started-at="2023-05-23T03:46:05 EDT" name="setUp" finished-at="2023-05-23T03:46:10 EDT" duration-ms="4454" status="PASS">
          <params>
            <param index="0">
              <value>
                <![CDATA[true]]>
              </value>
            </param>
            <param index="1">
              <value>
                <![CDATA[browserstack]]>
              </value>
            </param>
            <param index="2">
              <value>
                <![CDATA[windows]]>
              </value>
            </param>
            <param index="3">
              <value>
                <![CDATA[8]]>
              </value>
            </param>
            <param index="4">
              <value>
                <![CDATA[edge]]>
              </value>
            </param>
            <param index="5">
              <value>
                <![CDATA[109]]>
              </value>
            </param>
            <param index="6">
              <value>
                <![CDATA[https://tutorialsninja.com/demo/index.php?route=account/login]]>
              </value>
            </param>
          </params>
          <reporter-output>
          </reporter-output>
        </test-method> <!-- setUp -->
        <test-method is-config="true" signature="startExtent(java.lang.reflect.Method)[pri:0, instance:tutorialsNinja.ForgottenPasswordTest@4b6690c0]" started-at="2023-05-23T03:46:10 EDT" name="startExtent" finished-at="2023-05-23T03:46:10 EDT" duration-ms="1" status="PASS">
          <params>
            <param index="0">
              <value>
                <![CDATA[public void tutorialsNinja.ForgottenPasswordTest.resetPassForNonRegistredUsers(java.lang.String,java.lang.String)]]>
              </value>
            </param>
          </params>
          <reporter-output>
          </reporter-output>
        </test-method> <!-- startExtent -->
        <test-method signature="resetPassForNonRegistredUsers(java.lang.String,java.lang.String)[pri:3, instance:tutorialsNinja.ForgottenPasswordTest@4b6690c0]" started-at="2023-05-23T03:46:10 EDT" name="resetPassForNonRegistredUsers" data-provider="emailData" finished-at="2023-05-23T03:46:16 EDT" duration-ms="6245" status="PASS">
          <params>
            <param index="0">
              <value>
                <![CDATA[sunflower"+ generateTimeStamp()+"@gmail.com]]>
              </value>
            </param>
            <param index="1">
              <value>
                <![CDATA[sun@]]>
              </value>
            </param>
          </params>
          <reporter-output>
          </reporter-output>
        </test-method> <!-- resetPassForNonRegistredUsers -->
        <test-method is-config="true" signature="afterEachTestMethod(org.testng.ITestResult)[pri:0, instance:tutorialsNinja.ForgottenPasswordTest@4b6690c0]" started-at="2023-05-23T03:46:16 EDT" name="afterEachTestMethod" finished-at="2023-05-23T03:46:17 EDT" duration-ms="934" status="PASS">
          <params>
            <param index="0">
              <value>
                <![CDATA[[TestResult name=resetPassForNonRegistredUsers status=SUCCESS method=ForgottenPasswordTest.resetPassForNonRegistredUsers(java.lang.String,java.lang.String)[pri:3, instance:tutorialsNinja.ForgottenPasswordTest@4b6690c0] output={null}]]]>
              </value>
            </param>
          </params>
          <reporter-output>
          </reporter-output>
        </test-method> <!-- afterEachTestMethod -->
        <test-method is-config="true" signature="tearDownR()[pri:0, instance:tutorialsNinja.ForgottenPasswordTest@4b6690c0]" started-at="2023-05-23T03:46:17 EDT" name="tearDownR" finished-at="2023-05-23T03:46:17 EDT" duration-ms="0" status="PASS">
          <reporter-output>
          </reporter-output>
        </test-method> <!-- tearDownR -->
        <test-method is-config="true" signature="setUp(java.lang.String,java.lang.String,java.lang.String,java.lang.String,java.lang.String,java.lang.String,java.lang.String)[pri:0, instance:tutorialsNinja.ForgottenPasswordTest@4b6690c0]" started-at="2023-05-23T03:46:17 EDT" name="setUp" finished-at="2023-05-23T03:46:23 EDT" duration-ms="6458" status="PASS">
          <params>
            <param index="0">
              <value>
                <![CDATA[true]]>
              </value>
            </param>
            <param index="1">
              <value>
                <![CDATA[browserstack]]>
              </value>
            </param>
            <param index="2">
              <value>
                <![CDATA[windows]]>
              </value>
            </param>
            <param index="3">
              <value>
                <![CDATA[8]]>
              </value>
            </param>
            <param index="4">
              <value>
                <![CDATA[edge]]>
              </value>
            </param>
            <param index="5">
              <value>
                <![CDATA[109]]>
              </value>
            </param>
            <param index="6">
              <value>
                <![CDATA[https://tutorialsninja.com/demo/index.php?route=account/login]]>
              </value>
            </param>
          </params>
          <reporter-output>
          </reporter-output>
        </test-method> <!-- setUp -->
        <test-method is-config="true" signature="startExtent(java.lang.reflect.Method)[pri:0, instance:tutorialsNinja.ForgottenPasswordTest@4b6690c0]" started-at="2023-05-23T03:46:23 EDT" name="startExtent" finished-at="2023-05-23T03:46:23 EDT" duration-ms="1" status="PASS">
          <params>
            <param index="0">
              <value>
                <![CDATA[public void tutorialsNinja.ForgottenPasswordTest.resetPasswordWithoutEmail()]]>
              </value>
            </param>
          </params>
          <reporter-output>
          </reporter-output>
        </test-method> <!-- startExtent -->
        <test-method signature="resetPasswordWithoutEmail()[pri:4, instance:tutorialsNinja.ForgottenPasswordTest@4b6690c0]" started-at="2023-05-23T03:46:23 EDT" name="resetPasswordWithoutEmail" finished-at="2023-05-23T03:46:25 EDT" duration-ms="2068" status="PASS">
          <reporter-output>
          </reporter-output>
        </test-method> <!-- resetPasswordWithoutEmail -->
        <test-method is-config="true" signature="afterEachTestMethod(org.testng.ITestResult)[pri:0, instance:tutorialsNinja.ForgottenPasswordTest@4b6690c0]" started-at="2023-05-23T03:46:25 EDT" name="afterEachTestMethod" finished-at="2023-05-23T03:46:26 EDT" duration-ms="717" status="PASS">
          <params>
            <param index="0">
              <value>
                <![CDATA[[TestResult name=resetPasswordWithoutEmail status=SUCCESS method=ForgottenPasswordTest.resetPasswordWithoutEmail()[pri:4, instance:tutorialsNinja.ForgottenPasswordTest@4b6690c0] output={null}]]]>
              </value>
            </param>
          </params>
          <reporter-output>
          </reporter-output>
        </test-method> <!-- afterEachTestMethod -->
        <test-method is-config="true" signature="tearDownR()[pri:0, instance:tutorialsNinja.ForgottenPasswordTest@4b6690c0]" started-at="2023-05-23T03:46:26 EDT" name="tearDownR" finished-at="2023-05-23T03:46:26 EDT" duration-ms="1" status="PASS">
          <reporter-output>
          </reporter-output>
        </test-method> <!-- tearDownR -->
        <test-method is-config="true" signature="setUp(java.lang.String,java.lang.String,java.lang.String,java.lang.String,java.lang.String,java.lang.String,java.lang.String)[pri:0, instance:tutorialsNinja.ForgottenPasswordTest@4b6690c0]" started-at="2023-05-23T03:46:26 EDT" name="setUp" finished-at="2023-05-23T03:46:41 EDT" duration-ms="14692" status="PASS">
          <params>
            <param index="0">
              <value>
                <![CDATA[true]]>
              </value>
            </param>
            <param index="1">
              <value>
                <![CDATA[browserstack]]>
              </value>
            </param>
            <param index="2">
              <value>
                <![CDATA[windows]]>
              </value>
            </param>
            <param index="3">
              <value>
                <![CDATA[8]]>
              </value>
            </param>
            <param index="4">
              <value>
                <![CDATA[edge]]>
              </value>
            </param>
            <param index="5">
              <value>
                <![CDATA[109]]>
              </value>
            </param>
            <param index="6">
              <value>
                <![CDATA[https://tutorialsninja.com/demo/index.php?route=account/login]]>
              </value>
            </param>
          </params>
          <reporter-output>
          </reporter-output>
        </test-method> <!-- setUp -->
        <test-method is-config="true" signature="startExtent(java.lang.reflect.Method)[pri:0, instance:tutorialsNinja.ForgottenPasswordTest@4b6690c0]" started-at="2023-05-23T03:46:41 EDT" name="startExtent" finished-at="2023-05-23T03:46:41 EDT" duration-ms="1" status="PASS">
          <params>
            <param index="0">
              <value>
                <![CDATA[public void tutorialsNinja.ForgottenPasswordTest.verifyThePlaceHoldText()]]>
              </value>
            </param>
          </params>
          <reporter-output>
          </reporter-output>
        </test-method> <!-- startExtent -->
        <test-method signature="verifyThePlaceHoldText()[pri:5, instance:tutorialsNinja.ForgottenPasswordTest@4b6690c0]" started-at="2023-05-23T03:46:41 EDT" name="verifyThePlaceHoldText" finished-at="2023-05-23T03:46:43 EDT" duration-ms="2104" status="PASS">
          <reporter-output>
          </reporter-output>
        </test-method> <!-- verifyThePlaceHoldText -->
        <test-method is-config="true" signature="afterEachTestMethod(org.testng.ITestResult)[pri:0, instance:tutorialsNinja.ForgottenPasswordTest@4b6690c0]" started-at="2023-05-23T03:46:43 EDT" name="afterEachTestMethod" finished-at="2023-05-23T03:46:44 EDT" duration-ms="1575" status="PASS">
          <params>
            <param index="0">
              <value>
                <![CDATA[[TestResult name=verifyThePlaceHoldText status=SUCCESS method=ForgottenPasswordTest.verifyThePlaceHoldText()[pri:5, instance:tutorialsNinja.ForgottenPasswordTest@4b6690c0] output={null}]]]>
              </value>
            </param>
          </params>
          <reporter-output>
          </reporter-output>
        </test-method> <!-- afterEachTestMethod -->
        <test-method is-config="true" signature="tearDownR()[pri:0, instance:tutorialsNinja.ForgottenPasswordTest@4b6690c0]" started-at="2023-05-23T03:46:44 EDT" name="tearDownR" finished-at="2023-05-23T03:46:44 EDT" duration-ms="1" status="PASS">
          <reporter-output>
          </reporter-output>
        </test-method> <!-- tearDownR -->
        <test-method is-config="true" signature="generateReport()[pri:0, instance:tutorialsNinja.ForgottenPasswordTest@4b6690c0]" started-at="2023-05-23T03:46:44 EDT" name="generateReport" finished-at="2023-05-23T03:46:45 EDT" duration-ms="46" status="PASS">
          <reporter-output>
          </reporter-output>
        </test-method> <!-- generateReport -->
      </class> <!-- tutorialsNinja.ForgottenPasswordTest -->
    </test> <!--  ForgottenPasswordTest -->
  </suite> <!-- tutorialsNinja test -->
</testng-results>
