<?xml version="1.0" encoding="UTF-8"?>
<testng-results ignored="0" total="10" passed="9" failed="1" skipped="0">
  <reporter-output>
    <line>
      <![CDATA[Extent Report DirectoryC:\Users\My Pc\eclipse-workspace\Final_exam_Selenium\test-output\html]]>
    </line>
  </reporter-output>
  <suite started-at="2023-05-30T00:43:44 EDT" name="tutorialsNinja test" finished-at="2023-05-30T00:45:35 EDT" duration-ms="110337">
    <groups>
      <group name="unsuccessfulLoginAttemptsTest">
        <method signature="LoginTest.verifyTheNumberOfUnsuccessfulLoginAttempts()[pri:2, instance:tutorialsNinja.LoginTest@35f26e72]" name="verifyTheNumberOfUnsuccessfulLoginAttempts" class="tutorialsNinja.LoginTest"/>
      </group> <!-- unsuccessfulLoginAttemptsTest -->
      <group name="loginWithCredTest">
        <method signature="LoginTest.testLoginWithCredentials(java.lang.String,java.lang.String)[pri:6, instance:tutorialsNinja.LoginTest@35f26e72]" name="testLoginWithCredentials" class="tutorialsNinja.LoginTest"/>
      </group> <!-- loginWithCredTest -->
      <group name="navigationTest">
        <method signature="LoginTest.vrfyUsrNvgtTloginHmPge()[pri:1, instance:tutorialsNinja.LoginTest@35f26e72]" name="vrfyUsrNvgtTloginHmPge" class="tutorialsNinja.LoginTest"/>
      </group> <!-- navigationTest -->
      <group name="pswrdLinkTest">
        <method signature="LoginTest.verifyForgottenPasswrdLinkDsp()[pri:5, instance:tutorialsNinja.LoginTest@35f26e72]" name="verifyForgottenPasswrdLinkDsp" class="tutorialsNinja.LoginTest"/>
      </group> <!-- pswrdLinkTest -->
      <group name="pswrdVisibilityTest">
        <method signature="LoginTest.checkPasswordVisibility()[pri:3, instance:tutorialsNinja.LoginTest@35f26e72]" name="checkPasswordVisibility" class="tutorialsNinja.LoginTest"/>
      </group> <!-- pswrdVisibilityTest -->
      <group name="placeHoldersTest">
        <method signature="LoginTest.testLoginFieldsPlaceholders()[pri:4, instance:tutorialsNinja.LoginTest@35f26e72]" name="testLoginFieldsPlaceholders" class="tutorialsNinja.LoginTest"/>
      </group> <!-- placeHoldersTest -->
    </groups>
    <test started-at="2023-05-30T00:43:44 EDT" name=" LoginTest" finished-at="2023-05-30T00:45:35 EDT" duration-ms="110337">
      <class name="tutorialsNinja.LoginTest">
        <test-method is-config="true" signature="extentSetup(org.testng.ITestContext)[pri:0, instance:tutorialsNinja.LoginTest@35f26e72]" started-at="2023-05-30T00:43:44 EDT" name="extentSetup" finished-at="2023-05-30T00:43:44 EDT" duration-ms="331" status="PASS">
          <params>
            <param index="0">
              <value>
                <![CDATA[org.testng.TestRunner@1537e43]]>
              </value>
            </param>
          </params>
          <reporter-output>
            <line>
              <![CDATA[Extent Report DirectoryC:\Users\My Pc\eclipse-workspace\Final_exam_Selenium\test-output\html]]>
            </line>
          </reporter-output>
        </test-method> <!-- extentSetup -->
        <test-method is-config="true" signature="setUp(java.lang.String,java.lang.String,java.lang.String,java.lang.String,java.lang.String,java.lang.String,java.lang.String)[pri:0, instance:tutorialsNinja.LoginTest@35f26e72]" started-at="2023-05-30T00:43:44 EDT" name="setUp" finished-at="2023-05-30T00:43:55 EDT" duration-ms="10777" status="PASS">
          <params>
            <param index="0">
              <value>
                <![CDATA[true]]>
              </value>
            </param>
            <param index="1">
              <value>
                <![CDATA[browserstack]]>
              </value>
            </param>
            <param index="2">
              <value>
                <![CDATA[windows]]>
              </value>
            </param>
            <param index="3">
              <value>
                <![CDATA[10]]>
              </value>
            </param>
            <param index="4">
              <value>
                <![CDATA[chrome]]>
              </value>
            </param>
            <param index="5">
              <value>
                <![CDATA[110]]>
              </value>
            </param>
            <param index="6">
              <value>
                <![CDATA[https://tutorialsninja.com/demo/index.php?route=account/login]]>
              </value>
            </param>
          </params>
          <reporter-output>
          </reporter-output>
        </test-method> <!-- setUp -->
        <test-method is-config="true" signature="startExtent(java.lang.reflect.Method)[pri:0, instance:tutorialsNinja.LoginTest@35f26e72]" started-at="2023-05-30T00:43:55 EDT" name="startExtent" finished-at="2023-05-30T00:43:55 EDT" duration-ms="15" status="PASS">
          <params>
            <param index="0">
              <value>
                <![CDATA[public void tutorialsNinja.LoginTest.vrfyUsrNvgtTloginHmPge()]]>
              </value>
            </param>
          </params>
          <reporter-output>
          </reporter-output>
        </test-method> <!-- startExtent -->
        <test-method signature="vrfyUsrNvgtTloginHmPge()[pri:1, instance:tutorialsNinja.LoginTest@35f26e72]" started-at="2023-05-30T00:43:55 EDT" name="vrfyUsrNvgtTloginHmPge" finished-at="2023-05-30T00:43:58 EDT" duration-ms="2988" status="PASS">
          <reporter-output>
          </reporter-output>
        </test-method> <!-- vrfyUsrNvgtTloginHmPge -->
        <test-method is-config="true" signature="afterEachTestMethod(org.testng.ITestResult)[pri:0, instance:tutorialsNinja.LoginTest@35f26e72]" started-at="2023-05-30T00:43:58 EDT" name="afterEachTestMethod" finished-at="2023-05-30T00:44:00 EDT" duration-ms="1295" status="PASS">
          <params>
            <param index="0">
              <value>
                <![CDATA[[TestResult name=vrfyUsrNvgtTloginHmPge status=SUCCESS method=LoginTest.vrfyUsrNvgtTloginHmPge()[pri:1, instance:tutorialsNinja.LoginTest@35f26e72] output={null}]]]>
              </value>
            </param>
          </params>
          <reporter-output>
          </reporter-output>
        </test-method> <!-- afterEachTestMethod -->
        <test-method is-config="true" signature="tearDownR()[pri:0, instance:tutorialsNinja.LoginTest@35f26e72]" started-at="2023-05-30T00:44:00 EDT" name="tearDownR" finished-at="2023-05-30T00:44:00 EDT" duration-ms="5" status="PASS">
          <reporter-output>
          </reporter-output>
        </test-method> <!-- tearDownR -->
        <test-method is-config="true" signature="setUp(java.lang.String,java.lang.String,java.lang.String,java.lang.String,java.lang.String,java.lang.String,java.lang.String)[pri:0, instance:tutorialsNinja.LoginTest@35f26e72]" started-at="2023-05-30T00:44:00 EDT" name="setUp" finished-at="2023-05-30T00:44:08 EDT" duration-ms="8332" status="PASS">
          <params>
            <param index="0">
              <value>
                <![CDATA[true]]>
              </value>
            </param>
            <param index="1">
              <value>
                <![CDATA[browserstack]]>
              </value>
            </param>
            <param index="2">
              <value>
                <![CDATA[windows]]>
              </value>
            </param>
            <param index="3">
              <value>
                <![CDATA[10]]>
              </value>
            </param>
            <param index="4">
              <value>
                <![CDATA[chrome]]>
              </value>
            </param>
            <param index="5">
              <value>
                <![CDATA[110]]>
              </value>
            </param>
            <param index="6">
              <value>
                <![CDATA[https://tutorialsninja.com/demo/index.php?route=account/login]]>
              </value>
            </param>
          </params>
          <reporter-output>
          </reporter-output>
        </test-method> <!-- setUp -->
        <test-method is-config="true" signature="startExtent(java.lang.reflect.Method)[pri:0, instance:tutorialsNinja.LoginTest@35f26e72]" started-at="2023-05-30T00:44:08 EDT" name="startExtent" finished-at="2023-05-30T00:44:08 EDT" duration-ms="5" status="PASS">
          <params>
            <param index="0">
              <value>
                <![CDATA[public void tutorialsNinja.LoginTest.verifyTheNumberOfUnsuccessfulLoginAttempts()]]>
              </value>
            </param>
          </params>
          <reporter-output>
          </reporter-output>
        </test-method> <!-- startExtent -->
        <test-method signature="verifyTheNumberOfUnsuccessfulLoginAttempts()[pri:2, instance:tutorialsNinja.LoginTest@35f26e72]" started-at="2023-05-30T00:44:08 EDT" name="verifyTheNumberOfUnsuccessfulLoginAttempts" finished-at="2023-05-30T00:44:11 EDT" duration-ms="2667" status="PASS">
          <reporter-output>
          </reporter-output>
        </test-method> <!-- verifyTheNumberOfUnsuccessfulLoginAttempts -->
        <test-method is-config="true" signature="afterEachTestMethod(org.testng.ITestResult)[pri:0, instance:tutorialsNinja.LoginTest@35f26e72]" started-at="2023-05-30T00:44:11 EDT" name="afterEachTestMethod" finished-at="2023-05-30T00:44:11 EDT" duration-ms="777" status="PASS">
          <params>
            <param index="0">
              <value>
                <![CDATA[[TestResult name=verifyTheNumberOfUnsuccessfulLoginAttempts status=SUCCESS method=LoginTest.verifyTheNumberOfUnsuccessfulLoginAttempts()[pri:2, instance:tutorialsNinja.LoginTest@35f26e72] output={null}]]]>
              </value>
            </param>
          </params>
          <reporter-output>
          </reporter-output>
        </test-method> <!-- afterEachTestMethod -->
        <test-method is-config="true" signature="tearDownR()[pri:0, instance:tutorialsNinja.LoginTest@35f26e72]" started-at="2023-05-30T00:44:11 EDT" name="tearDownR" finished-at="2023-05-30T00:44:11 EDT" duration-ms="1" status="PASS">
          <reporter-output>
          </reporter-output>
        </test-method> <!-- tearDownR -->
        <test-method is-config="true" signature="setUp(java.lang.String,java.lang.String,java.lang.String,java.lang.String,java.lang.String,java.lang.String,java.lang.String)[pri:0, instance:tutorialsNinja.LoginTest@35f26e72]" started-at="2023-05-30T00:44:11 EDT" name="setUp" finished-at="2023-05-30T00:44:17 EDT" duration-ms="5816" status="PASS">
          <params>
            <param index="0">
              <value>
                <![CDATA[true]]>
              </value>
            </param>
            <param index="1">
              <value>
                <![CDATA[browserstack]]>
              </value>
            </param>
            <param index="2">
              <value>
                <![CDATA[windows]]>
              </value>
            </param>
            <param index="3">
              <value>
                <![CDATA[10]]>
              </value>
            </param>
            <param index="4">
              <value>
                <![CDATA[chrome]]>
              </value>
            </param>
            <param index="5">
              <value>
                <![CDATA[110]]>
              </value>
            </param>
            <param index="6">
              <value>
                <![CDATA[https://tutorialsninja.com/demo/index.php?route=account/login]]>
              </value>
            </param>
          </params>
          <reporter-output>
          </reporter-output>
        </test-method> <!-- setUp -->
        <test-method is-config="true" signature="startExtent(java.lang.reflect.Method)[pri:0, instance:tutorialsNinja.LoginTest@35f26e72]" started-at="2023-05-30T00:44:17 EDT" name="startExtent" finished-at="2023-05-30T00:44:17 EDT" duration-ms="3" status="PASS">
          <params>
            <param index="0">
              <value>
                <![CDATA[public void tutorialsNinja.LoginTest.checkPasswordVisibility()]]>
              </value>
            </param>
          </params>
          <reporter-output>
          </reporter-output>
        </test-method> <!-- startExtent -->
        <test-method signature="checkPasswordVisibility()[pri:3, instance:tutorialsNinja.LoginTest@35f26e72]" started-at="2023-05-30T00:44:17 EDT" name="checkPasswordVisibility" finished-at="2023-05-30T00:44:20 EDT" duration-ms="2747" status="FAIL">
          <exception class="java.lang.AssertionError">
            <message>
              <![CDATA[Password is visible to the page source expected [true] but found [false]]]>
            </message>
            <full-stacktrace>
              <![CDATA[java.lang.AssertionError: Password is visible to the page source expected [true] but found [false]
at org.testng.Assert.fail(Assert.java:110)
at org.testng.Assert.failNotEquals(Assert.java:1577)
at org.testng.Assert.assertTrue(Assert.java:56)
at tutorialsNinja.LoginTest.checkPasswordVisibility(LoginTest.java:131)
at java.base/jdk.internal.reflect.DirectMethodHandleAccessor.invoke(DirectMethodHandleAccessor.java:104)
at java.base/java.lang.reflect.Method.invoke(Method.java:578)
at org.testng.internal.invokers.MethodInvocationHelper.invokeMethod(MethodInvocationHelper.java:139)
at org.testng.internal.invokers.TestInvoker.invokeMethod(TestInvoker.java:677)
at org.testng.internal.invokers.TestInvoker.invokeTestMethod(TestInvoker.java:221)
at org.testng.internal.invokers.MethodRunner.runInSequence(MethodRunner.java:50)
at org.testng.internal.invokers.TestInvoker$MethodInvocationAgent.invoke(TestInvoker.java:969)
at org.testng.internal.invokers.TestInvoker.invokeTestMethods(TestInvoker.java:194)
at org.testng.internal.invokers.TestMethodWorker.invokeTestMethods(TestMethodWorker.java:148)
at org.testng.internal.invokers.TestMethodWorker.run(TestMethodWorker.java:128)
at java.base/java.util.ArrayList.forEach(ArrayList.java:1511)
at org.testng.TestRunner.privateRun(TestRunner.java:829)
at org.testng.TestRunner.run(TestRunner.java:602)
at org.testng.SuiteRunner.runTest(SuiteRunner.java:437)
at org.testng.SuiteRunner.runSequentially(SuiteRunner.java:431)
at org.testng.SuiteRunner.privateRun(SuiteRunner.java:391)
at org.testng.SuiteRunner.run(SuiteRunner.java:330)
at org.testng.SuiteRunnerWorker.runSuite(SuiteRunnerWorker.java:52)
at org.testng.SuiteRunnerWorker.run(SuiteRunnerWorker.java:95)
at org.testng.TestNG.runSuitesSequentially(TestNG.java:1256)
at org.testng.TestNG.runSuitesLocally(TestNG.java:1176)
at org.testng.TestNG.runSuites(TestNG.java:1099)
at org.testng.TestNG.run(TestNG.java:1067)
at com.intellij.rt.testng.IDEARemoteTestNG.run(IDEARemoteTestNG.java:66)
at com.intellij.rt.testng.RemoteTestNGStarter.main(RemoteTestNGStarter.java:105)
]]>
            </full-stacktrace>
          </exception> <!-- java.lang.AssertionError -->
          <reporter-output>
          </reporter-output>
        </test-method> <!-- checkPasswordVisibility -->
        <test-method is-config="true" signature="afterEachTestMethod(org.testng.ITestResult)[pri:0, instance:tutorialsNinja.LoginTest@35f26e72]" started-at="2023-05-30T00:44:20 EDT" name="afterEachTestMethod" finished-at="2023-05-30T00:44:21 EDT" duration-ms="915" status="PASS">
          <params>
            <param index="0">
              <value>
                <![CDATA[[TestResult name=checkPasswordVisibility status=FAILURE method=LoginTest.checkPasswordVisibility()[pri:3, instance:tutorialsNinja.LoginTest@35f26e72] output={null}]]]>
              </value>
            </param>
          </params>
          <reporter-output>
          </reporter-output>
        </test-method> <!-- afterEachTestMethod -->
        <test-method is-config="true" signature="tearDownR()[pri:0, instance:tutorialsNinja.LoginTest@35f26e72]" started-at="2023-05-30T00:44:21 EDT" name="tearDownR" finished-at="2023-05-30T00:44:21 EDT" duration-ms="1" status="PASS">
          <reporter-output>
          </reporter-output>
        </test-method> <!-- tearDownR -->
        <test-method is-config="true" signature="setUp(java.lang.String,java.lang.String,java.lang.String,java.lang.String,java.lang.String,java.lang.String,java.lang.String)[pri:0, instance:tutorialsNinja.LoginTest@35f26e72]" started-at="2023-05-30T00:44:21 EDT" name="setUp" finished-at="2023-05-30T00:44:27 EDT" duration-ms="6052" status="PASS">
          <params>
            <param index="0">
              <value>
                <![CDATA[true]]>
              </value>
            </param>
            <param index="1">
              <value>
                <![CDATA[browserstack]]>
              </value>
            </param>
            <param index="2">
              <value>
                <![CDATA[windows]]>
              </value>
            </param>
            <param index="3">
              <value>
                <![CDATA[10]]>
              </value>
            </param>
            <param index="4">
              <value>
                <![CDATA[chrome]]>
              </value>
            </param>
            <param index="5">
              <value>
                <![CDATA[110]]>
              </value>
            </param>
            <param index="6">
              <value>
                <![CDATA[https://tutorialsninja.com/demo/index.php?route=account/login]]>
              </value>
            </param>
          </params>
          <reporter-output>
          </reporter-output>
        </test-method> <!-- setUp -->
        <test-method is-config="true" signature="startExtent(java.lang.reflect.Method)[pri:0, instance:tutorialsNinja.LoginTest@35f26e72]" started-at="2023-05-30T00:44:27 EDT" name="startExtent" finished-at="2023-05-30T00:44:27 EDT" duration-ms="1" status="PASS">
          <params>
            <param index="0">
              <value>
                <![CDATA[public void tutorialsNinja.LoginTest.testLoginFieldsPlaceholders()]]>
              </value>
            </param>
          </params>
          <reporter-output>
          </reporter-output>
        </test-method> <!-- startExtent -->
        <test-method signature="testLoginFieldsPlaceholders()[pri:4, instance:tutorialsNinja.LoginTest@35f26e72]" started-at="2023-05-30T00:44:27 EDT" name="testLoginFieldsPlaceholders" finished-at="2023-05-30T00:44:30 EDT" duration-ms="3593" status="PASS">
          <reporter-output>
          </reporter-output>
        </test-method> <!-- testLoginFieldsPlaceholders -->
        <test-method is-config="true" signature="afterEachTestMethod(org.testng.ITestResult)[pri:0, instance:tutorialsNinja.LoginTest@35f26e72]" started-at="2023-05-30T00:44:30 EDT" name="afterEachTestMethod" finished-at="2023-05-30T00:44:31 EDT" duration-ms="681" status="PASS">
          <params>
            <param index="0">
              <value>
                <![CDATA[[TestResult name=testLoginFieldsPlaceholders status=SUCCESS method=LoginTest.testLoginFieldsPlaceholders()[pri:4, instance:tutorialsNinja.LoginTest@35f26e72] output={null}]]]>
              </value>
            </param>
          </params>
          <reporter-output>
          </reporter-output>
        </test-method> <!-- afterEachTestMethod -->
        <test-method is-config="true" signature="tearDownR()[pri:0, instance:tutorialsNinja.LoginTest@35f26e72]" started-at="2023-05-30T00:44:31 EDT" name="tearDownR" finished-at="2023-05-30T00:44:31 EDT" duration-ms="1" status="PASS">
          <reporter-output>
          </reporter-output>
        </test-method> <!-- tearDownR -->
        <test-method is-config="true" signature="setUp(java.lang.String,java.lang.String,java.lang.String,java.lang.String,java.lang.String,java.lang.String,java.lang.String)[pri:0, instance:tutorialsNinja.LoginTest@35f26e72]" started-at="2023-05-30T00:44:31 EDT" name="setUp" finished-at="2023-05-30T00:44:38 EDT" duration-ms="6406" status="PASS">
          <params>
            <param index="0">
              <value>
                <![CDATA[true]]>
              </value>
            </param>
            <param index="1">
              <value>
                <![CDATA[browserstack]]>
              </value>
            </param>
            <param index="2">
              <value>
                <![CDATA[windows]]>
              </value>
            </param>
            <param index="3">
              <value>
                <![CDATA[10]]>
              </value>
            </param>
            <param index="4">
              <value>
                <![CDATA[chrome]]>
              </value>
            </param>
            <param index="5">
              <value>
                <![CDATA[110]]>
              </value>
            </param>
            <param index="6">
              <value>
                <![CDATA[https://tutorialsninja.com/demo/index.php?route=account/login]]>
              </value>
            </param>
          </params>
          <reporter-output>
          </reporter-output>
        </test-method> <!-- setUp -->
        <test-method is-config="true" signature="startExtent(java.lang.reflect.Method)[pri:0, instance:tutorialsNinja.LoginTest@35f26e72]" started-at="2023-05-30T00:44:38 EDT" name="startExtent" finished-at="2023-05-30T00:44:38 EDT" duration-ms="2" status="PASS">
          <params>
            <param index="0">
              <value>
                <![CDATA[public void tutorialsNinja.LoginTest.verifyForgottenPasswrdLinkDsp()]]>
              </value>
            </param>
          </params>
          <reporter-output>
          </reporter-output>
        </test-method> <!-- startExtent -->
        <test-method signature="verifyForgottenPasswrdLinkDsp()[pri:5, instance:tutorialsNinja.LoginTest@35f26e72]" started-at="2023-05-30T00:44:38 EDT" name="verifyForgottenPasswrdLinkDsp" finished-at="2023-05-30T00:44:39 EDT" duration-ms="968" status="PASS">
          <reporter-output>
          </reporter-output>
        </test-method> <!-- verifyForgottenPasswrdLinkDsp -->
        <test-method is-config="true" signature="afterEachTestMethod(org.testng.ITestResult)[pri:0, instance:tutorialsNinja.LoginTest@35f26e72]" started-at="2023-05-30T00:44:39 EDT" name="afterEachTestMethod" finished-at="2023-05-30T00:44:39 EDT" duration-ms="785" status="PASS">
          <params>
            <param index="0">
              <value>
                <![CDATA[[TestResult name=verifyForgottenPasswrdLinkDsp status=SUCCESS method=LoginTest.verifyForgottenPasswrdLinkDsp()[pri:5, instance:tutorialsNinja.LoginTest@35f26e72] output={null}]]]>
              </value>
            </param>
          </params>
          <reporter-output>
          </reporter-output>
        </test-method> <!-- afterEachTestMethod -->
        <test-method is-config="true" signature="tearDownR()[pri:0, instance:tutorialsNinja.LoginTest@35f26e72]" started-at="2023-05-30T00:44:39 EDT" name="tearDownR" finished-at="2023-05-30T00:44:39 EDT" duration-ms="2" status="PASS">
          <reporter-output>
          </reporter-output>
        </test-method> <!-- tearDownR -->
        <test-method is-config="true" signature="setUp(java.lang.String,java.lang.String,java.lang.String,java.lang.String,java.lang.String,java.lang.String,java.lang.String)[pri:0, instance:tutorialsNinja.LoginTest@35f26e72]" started-at="2023-05-30T00:44:39 EDT" name="setUp" finished-at="2023-05-30T00:44:46 EDT" duration-ms="6214" status="PASS">
          <params>
            <param index="0">
              <value>
                <![CDATA[true]]>
              </value>
            </param>
            <param index="1">
              <value>
                <![CDATA[browserstack]]>
              </value>
            </param>
            <param index="2">
              <value>
                <![CDATA[windows]]>
              </value>
            </param>
            <param index="3">
              <value>
                <![CDATA[10]]>
              </value>
            </param>
            <param index="4">
              <value>
                <![CDATA[chrome]]>
              </value>
            </param>
            <param index="5">
              <value>
                <![CDATA[110]]>
              </value>
            </param>
            <param index="6">
              <value>
                <![CDATA[https://tutorialsninja.com/demo/index.php?route=account/login]]>
              </value>
            </param>
          </params>
          <reporter-output>
          </reporter-output>
        </test-method> <!-- setUp -->
        <test-method is-config="true" signature="startExtent(java.lang.reflect.Method)[pri:0, instance:tutorialsNinja.LoginTest@35f26e72]" started-at="2023-05-30T00:44:46 EDT" name="startExtent" finished-at="2023-05-30T00:44:46 EDT" duration-ms="2" status="PASS">
          <params>
            <param index="0">
              <value>
                <![CDATA[public void tutorialsNinja.LoginTest.testLoginWithCredentials(java.lang.String,java.lang.String)]]>
              </value>
            </param>
          </params>
          <reporter-output>
          </reporter-output>
        </test-method> <!-- startExtent -->
        <test-method signature="testLoginWithCredentials(java.lang.String,java.lang.String)[pri:6, instance:tutorialsNinja.LoginTest@35f26e72]" started-at="2023-05-30T00:44:46 EDT" name="testLoginWithCredentials" data-provider="loginData" finished-at="2023-05-30T00:44:50 EDT" duration-ms="4445" status="PASS">
          <params>
            <param index="0">
              <value>
                <![CDATA[sunflower"+ generateTimeStamp()+"@gmail.com]]>
              </value>
            </param>
            <param index="1">
              <value>
                <![CDATA[sun123]]>
              </value>
            </param>
          </params>
          <reporter-output>
          </reporter-output>
        </test-method> <!-- testLoginWithCredentials -->
        <test-method is-config="true" signature="afterEachTestMethod(org.testng.ITestResult)[pri:0, instance:tutorialsNinja.LoginTest@35f26e72]" started-at="2023-05-30T00:44:50 EDT" name="afterEachTestMethod" finished-at="2023-05-30T00:44:51 EDT" duration-ms="725" status="PASS">
          <params>
            <param index="0">
              <value>
                <![CDATA[[TestResult name=testLoginWithCredentials status=SUCCESS method=LoginTest.testLoginWithCredentials(java.lang.String,java.lang.String)[pri:6, instance:tutorialsNinja.LoginTest@35f26e72] output={null}]]]>
              </value>
            </param>
          </params>
          <reporter-output>
          </reporter-output>
        </test-method> <!-- afterEachTestMethod -->
        <test-method is-config="true" signature="tearDownR()[pri:0, instance:tutorialsNinja.LoginTest@35f26e72]" started-at="2023-05-30T00:44:51 EDT" name="tearDownR" finished-at="2023-05-30T00:44:51 EDT" duration-ms="2" status="PASS">
          <reporter-output>
          </reporter-output>
        </test-method> <!-- tearDownR -->
        <test-method is-config="true" signature="setUp(java.lang.String,java.lang.String,java.lang.String,java.lang.String,java.lang.String,java.lang.String,java.lang.String)[pri:0, instance:tutorialsNinja.LoginTest@35f26e72]" started-at="2023-05-30T00:44:51 EDT" name="setUp" finished-at="2023-05-30T00:44:58 EDT" duration-ms="7370" status="PASS">
          <params>
            <param index="0">
              <value>
                <![CDATA[true]]>
              </value>
            </param>
            <param index="1">
              <value>
                <![CDATA[browserstack]]>
              </value>
            </param>
            <param index="2">
              <value>
                <![CDATA[windows]]>
              </value>
            </param>
            <param index="3">
              <value>
                <![CDATA[10]]>
              </value>
            </param>
            <param index="4">
              <value>
                <![CDATA[chrome]]>
              </value>
            </param>
            <param index="5">
              <value>
                <![CDATA[110]]>
              </value>
            </param>
            <param index="6">
              <value>
                <![CDATA[https://tutorialsninja.com/demo/index.php?route=account/login]]>
              </value>
            </param>
          </params>
          <reporter-output>
          </reporter-output>
        </test-method> <!-- setUp -->
        <test-method is-config="true" signature="startExtent(java.lang.reflect.Method)[pri:0, instance:tutorialsNinja.LoginTest@35f26e72]" started-at="2023-05-30T00:44:58 EDT" name="startExtent" finished-at="2023-05-30T00:44:58 EDT" duration-ms="1" status="PASS">
          <params>
            <param index="0">
              <value>
                <![CDATA[public void tutorialsNinja.LoginTest.testLoginWithCredentials(java.lang.String,java.lang.String)]]>
              </value>
            </param>
          </params>
          <reporter-output>
          </reporter-output>
        </test-method> <!-- startExtent -->
        <test-method signature="testLoginWithCredentials(java.lang.String,java.lang.String)[pri:6, instance:tutorialsNinja.LoginTest@35f26e72]" started-at="2023-05-30T00:44:58 EDT" name="testLoginWithCredentials" data-provider="loginData" finished-at="2023-05-30T00:45:01 EDT" duration-ms="2465" status="PASS">
          <params>
            <param index="0">
              <value>
                <![CDATA[sun@]]>
              </value>
            </param>
            <param index="1">
              <value>
                <![CDATA[sun]]>
              </value>
            </param>
          </params>
          <reporter-output>
          </reporter-output>
        </test-method> <!-- testLoginWithCredentials -->
        <test-method is-config="true" signature="afterEachTestMethod(org.testng.ITestResult)[pri:0, instance:tutorialsNinja.LoginTest@35f26e72]" started-at="2023-05-30T00:45:01 EDT" name="afterEachTestMethod" finished-at="2023-05-30T00:45:02 EDT" duration-ms="1104" status="PASS">
          <params>
            <param index="0">
              <value>
                <![CDATA[[TestResult name=testLoginWithCredentials status=SUCCESS method=LoginTest.testLoginWithCredentials(java.lang.String,java.lang.String)[pri:6, instance:tutorialsNinja.LoginTest@35f26e72] output={null}]]]>
              </value>
            </param>
          </params>
          <reporter-output>
          </reporter-output>
        </test-method> <!-- afterEachTestMethod -->
        <test-method is-config="true" signature="tearDownR()[pri:0, instance:tutorialsNinja.LoginTest@35f26e72]" started-at="2023-05-30T00:45:02 EDT" name="tearDownR" finished-at="2023-05-30T00:45:02 EDT" duration-ms="1" status="PASS">
          <reporter-output>
          </reporter-output>
        </test-method> <!-- tearDownR -->
        <test-method is-config="true" signature="setUp(java.lang.String,java.lang.String,java.lang.String,java.lang.String,java.lang.String,java.lang.String,java.lang.String)[pri:0, instance:tutorialsNinja.LoginTest@35f26e72]" started-at="2023-05-30T00:45:02 EDT" name="setUp" finished-at="2023-05-30T00:45:08 EDT" duration-ms="6196" status="PASS">
          <params>
            <param index="0">
              <value>
                <![CDATA[true]]>
              </value>
            </param>
            <param index="1">
              <value>
                <![CDATA[browserstack]]>
              </value>
            </param>
            <param index="2">
              <value>
                <![CDATA[windows]]>
              </value>
            </param>
            <param index="3">
              <value>
                <![CDATA[10]]>
              </value>
            </param>
            <param index="4">
              <value>
                <![CDATA[chrome]]>
              </value>
            </param>
            <param index="5">
              <value>
                <![CDATA[110]]>
              </value>
            </param>
            <param index="6">
              <value>
                <![CDATA[https://tutorialsninja.com/demo/index.php?route=account/login]]>
              </value>
            </param>
          </params>
          <reporter-output>
          </reporter-output>
        </test-method> <!-- setUp -->
        <test-method is-config="true" signature="startExtent(java.lang.reflect.Method)[pri:0, instance:tutorialsNinja.LoginTest@35f26e72]" started-at="2023-05-30T00:45:08 EDT" name="startExtent" finished-at="2023-05-30T00:45:08 EDT" duration-ms="2" status="PASS">
          <params>
            <param index="0">
              <value>
                <![CDATA[public void tutorialsNinja.LoginTest.testLoginWithCredentials(java.lang.String,java.lang.String)]]>
              </value>
            </param>
          </params>
          <reporter-output>
          </reporter-output>
        </test-method> <!-- startExtent -->
        <test-method signature="testLoginWithCredentials(java.lang.String,java.lang.String)[pri:6, instance:tutorialsNinja.LoginTest@35f26e72]" started-at="2023-05-30T00:45:08 EDT" name="testLoginWithCredentials" data-provider="loginData" finished-at="2023-05-30T00:45:11 EDT" duration-ms="3061" status="PASS">
          <params>
            <param index="0">
              <value>
                <![CDATA[sun@]]>
              </value>
            </param>
            <param index="1">
              <value>
                <![CDATA[sun123]]>
              </value>
            </param>
          </params>
          <reporter-output>
          </reporter-output>
        </test-method> <!-- testLoginWithCredentials -->
        <test-method is-config="true" signature="afterEachTestMethod(org.testng.ITestResult)[pri:0, instance:tutorialsNinja.LoginTest@35f26e72]" started-at="2023-05-30T00:45:11 EDT" name="afterEachTestMethod" finished-at="2023-05-30T00:45:12 EDT" duration-ms="777" status="PASS">
          <params>
            <param index="0">
              <value>
                <![CDATA[[TestResult name=testLoginWithCredentials status=SUCCESS method=LoginTest.testLoginWithCredentials(java.lang.String,java.lang.String)[pri:6, instance:tutorialsNinja.LoginTest@35f26e72] output={null}]]]>
              </value>
            </param>
          </params>
          <reporter-output>
          </reporter-output>
        </test-method> <!-- afterEachTestMethod -->
        <test-method is-config="true" signature="tearDownR()[pri:0, instance:tutorialsNinja.LoginTest@35f26e72]" started-at="2023-05-30T00:45:12 EDT" name="tearDownR" finished-at="2023-05-30T00:45:12 EDT" duration-ms="2" status="PASS">
          <reporter-output>
          </reporter-output>
        </test-method> <!-- tearDownR -->
        <test-method is-config="true" signature="setUp(java.lang.String,java.lang.String,java.lang.String,java.lang.String,java.lang.String,java.lang.String,java.lang.String)[pri:0, instance:tutorialsNinja.LoginTest@35f26e72]" started-at="2023-05-30T00:45:12 EDT" name="setUp" finished-at="2023-05-30T00:45:18 EDT" duration-ms="6500" status="PASS">
          <params>
            <param index="0">
              <value>
                <![CDATA[true]]>
              </value>
            </param>
            <param index="1">
              <value>
                <![CDATA[browserstack]]>
              </value>
            </param>
            <param index="2">
              <value>
                <![CDATA[windows]]>
              </value>
            </param>
            <param index="3">
              <value>
                <![CDATA[10]]>
              </value>
            </param>
            <param index="4">
              <value>
                <![CDATA[chrome]]>
              </value>
            </param>
            <param index="5">
              <value>
                <![CDATA[110]]>
              </value>
            </param>
            <param index="6">
              <value>
                <![CDATA[https://tutorialsninja.com/demo/index.php?route=account/login]]>
              </value>
            </param>
          </params>
          <reporter-output>
          </reporter-output>
        </test-method> <!-- setUp -->
        <test-method is-config="true" signature="startExtent(java.lang.reflect.Method)[pri:0, instance:tutorialsNinja.LoginTest@35f26e72]" started-at="2023-05-30T00:45:18 EDT" name="startExtent" finished-at="2023-05-30T00:45:18 EDT" duration-ms="2" status="PASS">
          <params>
            <param index="0">
              <value>
                <![CDATA[public void tutorialsNinja.LoginTest.testLoginWithCredentials(java.lang.String,java.lang.String)]]>
              </value>
            </param>
          </params>
          <reporter-output>
          </reporter-output>
        </test-method> <!-- startExtent -->
        <test-method signature="testLoginWithCredentials(java.lang.String,java.lang.String)[pri:6, instance:tutorialsNinja.LoginTest@35f26e72]" started-at="2023-05-30T00:45:18 EDT" name="testLoginWithCredentials" data-provider="loginData" finished-at="2023-05-30T00:45:21 EDT" duration-ms="2603" status="PASS">
          <params>
            <param index="0">
              <value>
                <![CDATA[sunflower"+ generateTimeStamp()+"@gmail.com]]>
              </value>
            </param>
            <param index="1">
              <value>
                <![CDATA[sun]]>
              </value>
            </param>
          </params>
          <reporter-output>
          </reporter-output>
        </test-method> <!-- testLoginWithCredentials -->
        <test-method is-config="true" signature="afterEachTestMethod(org.testng.ITestResult)[pri:0, instance:tutorialsNinja.LoginTest@35f26e72]" started-at="2023-05-30T00:45:21 EDT" name="afterEachTestMethod" finished-at="2023-05-30T00:45:22 EDT" duration-ms="811" status="PASS">
          <params>
            <param index="0">
              <value>
                <![CDATA[[TestResult name=testLoginWithCredentials status=SUCCESS method=LoginTest.testLoginWithCredentials(java.lang.String,java.lang.String)[pri:6, instance:tutorialsNinja.LoginTest@35f26e72] output={null}]]]>
              </value>
            </param>
          </params>
          <reporter-output>
          </reporter-output>
        </test-method> <!-- afterEachTestMethod -->
        <test-method is-config="true" signature="tearDownR()[pri:0, instance:tutorialsNinja.LoginTest@35f26e72]" started-at="2023-05-30T00:45:22 EDT" name="tearDownR" finished-at="2023-05-30T00:45:22 EDT" duration-ms="2" status="PASS">
          <reporter-output>
          </reporter-output>
        </test-method> <!-- tearDownR -->
        <test-method is-config="true" signature="setUp(java.lang.String,java.lang.String,java.lang.String,java.lang.String,java.lang.String,java.lang.String,java.lang.String)[pri:0, instance:tutorialsNinja.LoginTest@35f26e72]" started-at="2023-05-30T00:45:22 EDT" name="setUp" finished-at="2023-05-30T00:45:30 EDT" duration-ms="8596" status="PASS">
          <params>
            <param index="0">
              <value>
                <![CDATA[true]]>
              </value>
            </param>
            <param index="1">
              <value>
                <![CDATA[browserstack]]>
              </value>
            </param>
            <param index="2">
              <value>
                <![CDATA[windows]]>
              </value>
            </param>
            <param index="3">
              <value>
                <![CDATA[10]]>
              </value>
            </param>
            <param index="4">
              <value>
                <![CDATA[chrome]]>
              </value>
            </param>
            <param index="5">
              <value>
                <![CDATA[110]]>
              </value>
            </param>
            <param index="6">
              <value>
                <![CDATA[https://tutorialsninja.com/demo/index.php?route=account/login]]>
              </value>
            </param>
          </params>
          <reporter-output>
          </reporter-output>
        </test-method> <!-- setUp -->
        <test-method is-config="true" signature="startExtent(java.lang.reflect.Method)[pri:0, instance:tutorialsNinja.LoginTest@35f26e72]" started-at="2023-05-30T00:45:30 EDT" name="startExtent" finished-at="2023-05-30T00:45:30 EDT" duration-ms="3" status="PASS">
          <params>
            <param index="0">
              <value>
                <![CDATA[public void tutorialsNinja.LoginTest.testLoginWithCredentials(java.lang.String,java.lang.String)]]>
              </value>
            </param>
          </params>
          <reporter-output>
          </reporter-output>
        </test-method> <!-- startExtent -->
        <test-method signature="testLoginWithCredentials(java.lang.String,java.lang.String)[pri:6, instance:tutorialsNinja.LoginTest@35f26e72]" started-at="2023-05-30T00:45:30 EDT" name="testLoginWithCredentials" data-provider="loginData" finished-at="2023-05-30T00:45:34 EDT" duration-ms="3684" status="PASS">
          <params>
            <param index="0">
              <value>
                <![CDATA[]]>
              </value>
            </param>
            <param index="1">
              <value>
                <![CDATA[]]>
              </value>
            </param>
          </params>
          <reporter-output>
          </reporter-output>
        </test-method> <!-- testLoginWithCredentials -->
        <test-method is-config="true" signature="afterEachTestMethod(org.testng.ITestResult)[pri:0, instance:tutorialsNinja.LoginTest@35f26e72]" started-at="2023-05-30T00:45:34 EDT" name="afterEachTestMethod" finished-at="2023-05-30T00:45:35 EDT" duration-ms="739" status="PASS">
          <params>
            <param index="0">
              <value>
                <![CDATA[[TestResult name=testLoginWithCredentials status=SUCCESS method=LoginTest.testLoginWithCredentials(java.lang.String,java.lang.String)[pri:6, instance:tutorialsNinja.LoginTest@35f26e72] output={null}]]]>
              </value>
            </param>
          </params>
          <reporter-output>
          </reporter-output>
        </test-method> <!-- afterEachTestMethod -->
        <test-method is-config="true" signature="tearDownR()[pri:0, instance:tutorialsNinja.LoginTest@35f26e72]" started-at="2023-05-30T00:45:35 EDT" name="tearDownR" finished-at="2023-05-30T00:45:35 EDT" duration-ms="2" status="PASS">
          <reporter-output>
          </reporter-output>
        </test-method> <!-- tearDownR -->
        <test-method is-config="true" signature="generateReport()[pri:0, instance:tutorialsNinja.LoginTest@35f26e72]" started-at="2023-05-30T00:45:35 EDT" name="generateReport" finished-at="2023-05-30T00:45:35 EDT" duration-ms="38" status="PASS">
          <reporter-output>
          </reporter-output>
        </test-method> <!-- generateReport -->
      </class> <!-- tutorialsNinja.LoginTest -->
    </test> <!--  LoginTest -->
  </suite> <!-- tutorialsNinja test -->
</testng-results>
