<?xml version="1.0" encoding="UTF-8"?>
<testng-results ignored="2" total="10" passed="8" failed="0" skipped="0">
  <reporter-output>
    <line>
      <![CDATA[Extent Report DirectoryC:\Users\jamal\OneDrive\Documents\GitHub\Final_exam_Selenium\test-output\html]]>
    </line>
  </reporter-output>
  <suite started-at="2023-05-30T19:58:26 EDT" name="nopCommerce test" finished-at="2023-05-30T20:00:10 EDT" duration-ms="104718">
    <groups>
      <group name="login">
        <method signature="LoginTest.validCredential(java.lang.String,java.lang.String)[pri:1, instance:nopCommerce.LoginTest@4a55a6e8]" name="validCredential" class="nopCommerce.LoginTest"/>
      </group> <!-- login -->
    </groups>
    <test started-at="2023-05-30T19:58:26 EDT" name="nopCommerce Tests" finished-at="2023-05-30T20:00:10 EDT" duration-ms="104718">
      <class name="nopCommerce.RegisterNewUser">
        <test-method is-config="true" signature="extentSetup(org.testng.ITestContext)[pri:0, instance:nopCommerce.RegisterNewUser@5ed731d0]" started-at="2023-05-30T19:58:25 EDT" name="extentSetup" finished-at="2023-05-30T19:58:26 EDT" duration-ms="325" status="PASS">
          <params>
            <param index="0">
              <value>
                <![CDATA[org.testng.TestRunner@b3004e]]>
              </value>
            </param>
          </params>
          <reporter-output>
            <line>
              <![CDATA[Extent Report DirectoryC:\Users\jamal\OneDrive\Documents\GitHub\Final_exam_Selenium\test-output\html]]>
            </line>
          </reporter-output>
        </test-method> <!-- extentSetup -->
        <test-method is-config="true" signature="setUp(java.lang.String,java.lang.String,java.lang.String,java.lang.String,java.lang.String,java.lang.String,java.lang.String)[pri:0, instance:nopCommerce.RegisterNewUser@5ed731d0]" started-at="2023-05-30T19:58:26 EDT" name="setUp" finished-at="2023-05-30T19:58:35 EDT" duration-ms="8867" status="PASS">
          <params>
            <param index="0">
              <value>
                <![CDATA[false]]>
              </value>
            </param>
            <param index="1">
              <value>
                <![CDATA[browserstack]]>
              </value>
            </param>
            <param index="2">
              <value>
                <![CDATA[windows]]>
              </value>
            </param>
            <param index="3">
              <value>
                <![CDATA[10]]>
              </value>
            </param>
            <param index="4">
              <value>
                <![CDATA[firefox]]>
              </value>
            </param>
            <param index="5">
              <value>
                <![CDATA[110]]>
              </value>
            </param>
            <param index="6">
              <value>
                <![CDATA[https://demo.nopcommerce.com/]]>
              </value>
            </param>
          </params>
          <reporter-output>
          </reporter-output>
        </test-method> <!-- setUp -->
        <test-method is-config="true" signature="startExtent(java.lang.reflect.Method)[pri:0, instance:nopCommerce.RegisterNewUser@5ed731d0]" started-at="2023-05-30T19:58:35 EDT" name="startExtent" finished-at="2023-05-30T19:58:35 EDT" duration-ms="27" status="PASS">
          <params>
            <param index="0">
              <value>
                <![CDATA[public void nopCommerce.RegisterNewUser.registerUserWithAllDetails()]]>
              </value>
            </param>
          </params>
          <reporter-output>
          </reporter-output>
        </test-method> <!-- startExtent -->
        <test-method signature="registerUserWithAllDetails()[pri:0, instance:nopCommerce.RegisterNewUser@5ed731d0]" started-at="2023-05-30T19:58:35 EDT" name="registerUserWithAllDetails" finished-at="2023-05-30T19:58:49 EDT" duration-ms="13935" status="PASS">
          <reporter-output>
          </reporter-output>
        </test-method> <!-- registerUserWithAllDetails -->
        <test-method is-config="true" signature="afterEachTestMethod(org.testng.ITestResult)[pri:0, instance:nopCommerce.RegisterNewUser@5ed731d0]" started-at="2023-05-30T19:58:49 EDT" name="afterEachTestMethod" finished-at="2023-05-30T19:58:51 EDT" duration-ms="1953" status="PASS">
          <params>
            <param index="0">
              <value>
                <![CDATA[[TestResult name=registerUserWithAllDetails status=SUCCESS method=RegisterNewUser.registerUserWithAllDetails()[pri:0, instance:nopCommerce.RegisterNewUser@5ed731d0] output={null}]]]>
              </value>
            </param>
          </params>
          <reporter-output>
          </reporter-output>
        </test-method> <!-- afterEachTestMethod -->
        <test-method is-config="true" signature="tearDownR()[pri:0, instance:nopCommerce.RegisterNewUser@5ed731d0]" started-at="2023-05-30T19:58:51 EDT" name="tearDownR" finished-at="2023-05-30T19:58:51 EDT" duration-ms="3" status="PASS">
          <reporter-output>
          </reporter-output>
        </test-method> <!-- tearDownR -->
        <test-method is-config="true" signature="setUp(java.lang.String,java.lang.String,java.lang.String,java.lang.String,java.lang.String,java.lang.String,java.lang.String)[pri:0, instance:nopCommerce.RegisterNewUser@5ed731d0]" started-at="2023-05-30T19:58:51 EDT" name="setUp" finished-at="2023-05-30T19:58:54 EDT" duration-ms="3206" status="PASS">
          <params>
            <param index="0">
              <value>
                <![CDATA[false]]>
              </value>
            </param>
            <param index="1">
              <value>
                <![CDATA[browserstack]]>
              </value>
            </param>
            <param index="2">
              <value>
                <![CDATA[windows]]>
              </value>
            </param>
            <param index="3">
              <value>
                <![CDATA[10]]>
              </value>
            </param>
            <param index="4">
              <value>
                <![CDATA[firefox]]>
              </value>
            </param>
            <param index="5">
              <value>
                <![CDATA[110]]>
              </value>
            </param>
            <param index="6">
              <value>
                <![CDATA[https://demo.nopcommerce.com/]]>
              </value>
            </param>
          </params>
          <reporter-output>
          </reporter-output>
        </test-method> <!-- setUp -->
        <test-method is-config="true" signature="startExtent(java.lang.reflect.Method)[pri:0, instance:nopCommerce.RegisterNewUser@5ed731d0]" started-at="2023-05-30T19:58:54 EDT" name="startExtent" finished-at="2023-05-30T19:58:54 EDT" duration-ms="2" status="PASS">
          <params>
            <param index="0">
              <value>
                <![CDATA[public void nopCommerce.RegisterNewUser.registerUserWithEmptyDetails()]]>
              </value>
            </param>
          </params>
          <reporter-output>
          </reporter-output>
        </test-method> <!-- startExtent -->
        <test-method signature="registerUserWithEmptyDetails()[pri:0, instance:nopCommerce.RegisterNewUser@5ed731d0]" started-at="2023-05-30T19:58:54 EDT" name="registerUserWithEmptyDetails" finished-at="2023-05-30T19:58:57 EDT" duration-ms="3141" status="PASS">
          <reporter-output>
          </reporter-output>
        </test-method> <!-- registerUserWithEmptyDetails -->
        <test-method is-config="true" signature="afterEachTestMethod(org.testng.ITestResult)[pri:0, instance:nopCommerce.RegisterNewUser@5ed731d0]" started-at="2023-05-30T19:58:57 EDT" name="afterEachTestMethod" finished-at="2023-05-30T19:58:58 EDT" duration-ms="1076" status="PASS">
          <params>
            <param index="0">
              <value>
                <![CDATA[[TestResult name=registerUserWithEmptyDetails status=SUCCESS method=RegisterNewUser.registerUserWithEmptyDetails()[pri:0, instance:nopCommerce.RegisterNewUser@5ed731d0] output={null}]]]>
              </value>
            </param>
          </params>
          <reporter-output>
          </reporter-output>
        </test-method> <!-- afterEachTestMethod -->
        <test-method is-config="true" signature="tearDownR()[pri:0, instance:nopCommerce.RegisterNewUser@5ed731d0]" started-at="2023-05-30T19:58:58 EDT" name="tearDownR" finished-at="2023-05-30T19:58:58 EDT" duration-ms="1" status="PASS">
          <reporter-output>
          </reporter-output>
        </test-method> <!-- tearDownR -->
        <test-method is-config="true" signature="setUp(java.lang.String,java.lang.String,java.lang.String,java.lang.String,java.lang.String,java.lang.String,java.lang.String)[pri:0, instance:nopCommerce.RegisterNewUser@5ed731d0]" started-at="2023-05-30T19:58:58 EDT" name="setUp" finished-at="2023-05-30T19:59:04 EDT" duration-ms="6137" status="PASS">
          <params>
            <param index="0">
              <value>
                <![CDATA[false]]>
              </value>
            </param>
            <param index="1">
              <value>
                <![CDATA[browserstack]]>
              </value>
            </param>
            <param index="2">
              <value>
                <![CDATA[windows]]>
              </value>
            </param>
            <param index="3">
              <value>
                <![CDATA[10]]>
              </value>
            </param>
            <param index="4">
              <value>
                <![CDATA[firefox]]>
              </value>
            </param>
            <param index="5">
              <value>
                <![CDATA[110]]>
              </value>
            </param>
            <param index="6">
              <value>
                <![CDATA[https://demo.nopcommerce.com/]]>
              </value>
            </param>
          </params>
          <reporter-output>
          </reporter-output>
        </test-method> <!-- setUp -->
        <test-method is-config="true" signature="startExtent(java.lang.reflect.Method)[pri:0, instance:nopCommerce.RegisterNewUser@5ed731d0]" started-at="2023-05-30T19:59:04 EDT" name="startExtent" finished-at="2023-05-30T19:59:04 EDT" duration-ms="5" status="PASS">
          <params>
            <param index="0">
              <value>
                <![CDATA[public void nopCommerce.RegisterNewUser.registerUserWithoutCompanyDetails()]]>
              </value>
            </param>
          </params>
          <reporter-output>
          </reporter-output>
        </test-method> <!-- startExtent -->
        <test-method signature="registerUserWithoutCompanyDetails()[pri:0, instance:nopCommerce.RegisterNewUser@5ed731d0]" started-at="2023-05-30T19:59:04 EDT" name="registerUserWithoutCompanyDetails" finished-at="2023-05-30T19:59:10 EDT" duration-ms="5729" status="PASS">
          <reporter-output>
          </reporter-output>
        </test-method> <!-- registerUserWithoutCompanyDetails -->
        <test-method is-config="true" signature="afterEachTestMethod(org.testng.ITestResult)[pri:0, instance:nopCommerce.RegisterNewUser@5ed731d0]" started-at="2023-05-30T19:59:10 EDT" name="afterEachTestMethod" finished-at="2023-05-30T19:59:11 EDT" duration-ms="1402" status="PASS">
          <params>
            <param index="0">
              <value>
                <![CDATA[[TestResult name=registerUserWithoutCompanyDetails status=SUCCESS method=RegisterNewUser.registerUserWithoutCompanyDetails()[pri:0, instance:nopCommerce.RegisterNewUser@5ed731d0] output={null}]]]>
              </value>
            </param>
          </params>
          <reporter-output>
          </reporter-output>
        </test-method> <!-- afterEachTestMethod -->
        <test-method is-config="true" signature="tearDownR()[pri:0, instance:nopCommerce.RegisterNewUser@5ed731d0]" started-at="2023-05-30T19:59:11 EDT" name="tearDownR" finished-at="2023-05-30T19:59:11 EDT" duration-ms="1" status="PASS">
          <reporter-output>
          </reporter-output>
        </test-method> <!-- tearDownR -->
        <test-method is-config="true" signature="setUp(java.lang.String,java.lang.String,java.lang.String,java.lang.String,java.lang.String,java.lang.String,java.lang.String)[pri:0, instance:nopCommerce.RegisterNewUser@5ed731d0]" started-at="2023-05-30T19:59:11 EDT" name="setUp" finished-at="2023-05-30T19:59:17 EDT" duration-ms="5477" status="PASS">
          <params>
            <param index="0">
              <value>
                <![CDATA[false]]>
              </value>
            </param>
            <param index="1">
              <value>
                <![CDATA[browserstack]]>
              </value>
            </param>
            <param index="2">
              <value>
                <![CDATA[windows]]>
              </value>
            </param>
            <param index="3">
              <value>
                <![CDATA[10]]>
              </value>
            </param>
            <param index="4">
              <value>
                <![CDATA[firefox]]>
              </value>
            </param>
            <param index="5">
              <value>
                <![CDATA[110]]>
              </value>
            </param>
            <param index="6">
              <value>
                <![CDATA[https://demo.nopcommerce.com/]]>
              </value>
            </param>
          </params>
          <reporter-output>
          </reporter-output>
        </test-method> <!-- setUp -->
        <test-method is-config="true" signature="startExtent(java.lang.reflect.Method)[pri:0, instance:nopCommerce.RegisterNewUser@5ed731d0]" started-at="2023-05-30T19:59:17 EDT" name="startExtent" finished-at="2023-05-30T19:59:17 EDT" duration-ms="4" status="PASS">
          <params>
            <param index="0">
              <value>
                <![CDATA[public void nopCommerce.RegisterNewUser.registerUserWithoutEmail()]]>
              </value>
            </param>
          </params>
          <reporter-output>
          </reporter-output>
        </test-method> <!-- startExtent -->
        <test-method signature="registerUserWithoutEmail()[pri:0, instance:nopCommerce.RegisterNewUser@5ed731d0]" started-at="2023-05-30T19:59:17 EDT" name="registerUserWithoutEmail" finished-at="2023-05-30T19:59:21 EDT" duration-ms="3978" status="PASS">
          <reporter-output>
          </reporter-output>
        </test-method> <!-- registerUserWithoutEmail -->
        <test-method is-config="true" signature="afterEachTestMethod(org.testng.ITestResult)[pri:0, instance:nopCommerce.RegisterNewUser@5ed731d0]" started-at="2023-05-30T19:59:21 EDT" name="afterEachTestMethod" finished-at="2023-05-30T19:59:22 EDT" duration-ms="1627" status="PASS">
          <params>
            <param index="0">
              <value>
                <![CDATA[[TestResult name=registerUserWithoutEmail status=SUCCESS method=RegisterNewUser.registerUserWithoutEmail()[pri:0, instance:nopCommerce.RegisterNewUser@5ed731d0] output={null}]]]>
              </value>
            </param>
          </params>
          <reporter-output>
          </reporter-output>
        </test-method> <!-- afterEachTestMethod -->
        <test-method is-config="true" signature="tearDownR()[pri:0, instance:nopCommerce.RegisterNewUser@5ed731d0]" started-at="2023-05-30T19:59:22 EDT" name="tearDownR" finished-at="2023-05-30T19:59:22 EDT" duration-ms="1" status="PASS">
          <reporter-output>
          </reporter-output>
        </test-method> <!-- tearDownR -->
        <test-method is-config="true" signature="setUp(java.lang.String,java.lang.String,java.lang.String,java.lang.String,java.lang.String,java.lang.String,java.lang.String)[pri:0, instance:nopCommerce.RegisterNewUser@5ed731d0]" started-at="2023-05-30T19:59:22 EDT" name="setUp" finished-at="2023-05-30T19:59:27 EDT" duration-ms="4756" status="PASS">
          <params>
            <param index="0">
              <value>
                <![CDATA[false]]>
              </value>
            </param>
            <param index="1">
              <value>
                <![CDATA[browserstack]]>
              </value>
            </param>
            <param index="2">
              <value>
                <![CDATA[windows]]>
              </value>
            </param>
            <param index="3">
              <value>
                <![CDATA[10]]>
              </value>
            </param>
            <param index="4">
              <value>
                <![CDATA[firefox]]>
              </value>
            </param>
            <param index="5">
              <value>
                <![CDATA[110]]>
              </value>
            </param>
            <param index="6">
              <value>
                <![CDATA[https://demo.nopcommerce.com/]]>
              </value>
            </param>
          </params>
          <reporter-output>
          </reporter-output>
        </test-method> <!-- setUp -->
        <test-method is-config="true" signature="startExtent(java.lang.reflect.Method)[pri:0, instance:nopCommerce.RegisterNewUser@5ed731d0]" started-at="2023-05-30T19:59:27 EDT" name="startExtent" finished-at="2023-05-30T19:59:27 EDT" duration-ms="1" status="PASS">
          <params>
            <param index="0">
              <value>
                <![CDATA[public void nopCommerce.RegisterNewUser.registerUserWithoutFirstName()]]>
              </value>
            </param>
          </params>
          <reporter-output>
          </reporter-output>
        </test-method> <!-- startExtent -->
        <test-method signature="registerUserWithoutFirstName()[pri:0, instance:nopCommerce.RegisterNewUser@5ed731d0]" started-at="2023-05-30T19:59:27 EDT" name="registerUserWithoutFirstName" finished-at="2023-05-30T19:59:31 EDT" duration-ms="3976" status="PASS">
          <reporter-output>
          </reporter-output>
        </test-method> <!-- registerUserWithoutFirstName -->
        <test-method is-config="true" signature="afterEachTestMethod(org.testng.ITestResult)[pri:0, instance:nopCommerce.RegisterNewUser@5ed731d0]" started-at="2023-05-30T19:59:31 EDT" name="afterEachTestMethod" finished-at="2023-05-30T19:59:33 EDT" duration-ms="1448" status="PASS">
          <params>
            <param index="0">
              <value>
                <![CDATA[[TestResult name=registerUserWithoutFirstName status=SUCCESS method=RegisterNewUser.registerUserWithoutFirstName()[pri:0, instance:nopCommerce.RegisterNewUser@5ed731d0] output={null}]]]>
              </value>
            </param>
          </params>
          <reporter-output>
          </reporter-output>
        </test-method> <!-- afterEachTestMethod -->
        <test-method is-config="true" signature="tearDownR()[pri:0, instance:nopCommerce.RegisterNewUser@5ed731d0]" started-at="2023-05-30T19:59:33 EDT" name="tearDownR" finished-at="2023-05-30T19:59:33 EDT" duration-ms="1" status="PASS">
          <reporter-output>
          </reporter-output>
        </test-method> <!-- tearDownR -->
        <test-method is-config="true" signature="setUp(java.lang.String,java.lang.String,java.lang.String,java.lang.String,java.lang.String,java.lang.String,java.lang.String)[pri:0, instance:nopCommerce.RegisterNewUser@5ed731d0]" started-at="2023-05-30T19:59:33 EDT" name="setUp" finished-at="2023-05-30T19:59:37 EDT" duration-ms="4899" status="PASS">
          <params>
            <param index="0">
              <value>
                <![CDATA[false]]>
              </value>
            </param>
            <param index="1">
              <value>
                <![CDATA[browserstack]]>
              </value>
            </param>
            <param index="2">
              <value>
                <![CDATA[windows]]>
              </value>
            </param>
            <param index="3">
              <value>
                <![CDATA[10]]>
              </value>
            </param>
            <param index="4">
              <value>
                <![CDATA[firefox]]>
              </value>
            </param>
            <param index="5">
              <value>
                <![CDATA[110]]>
              </value>
            </param>
            <param index="6">
              <value>
                <![CDATA[https://demo.nopcommerce.com/]]>
              </value>
            </param>
          </params>
          <reporter-output>
          </reporter-output>
        </test-method> <!-- setUp -->
        <test-method is-config="true" signature="startExtent(java.lang.reflect.Method)[pri:0, instance:nopCommerce.RegisterNewUser@5ed731d0]" started-at="2023-05-30T19:59:37 EDT" name="startExtent" finished-at="2023-05-30T19:59:37 EDT" duration-ms="2" status="PASS">
          <params>
            <param index="0">
              <value>
                <![CDATA[public void nopCommerce.RegisterNewUser.registerUserWithoutLastName()]]>
              </value>
            </param>
          </params>
          <reporter-output>
          </reporter-output>
        </test-method> <!-- startExtent -->
        <test-method signature="registerUserWithoutLastName()[pri:0, instance:nopCommerce.RegisterNewUser@5ed731d0]" started-at="2023-05-30T19:59:37 EDT" name="registerUserWithoutLastName" finished-at="2023-05-30T19:59:41 EDT" duration-ms="3825" status="PASS">
          <reporter-output>
          </reporter-output>
        </test-method> <!-- registerUserWithoutLastName -->
        <test-method is-config="true" signature="afterEachTestMethod(org.testng.ITestResult)[pri:0, instance:nopCommerce.RegisterNewUser@5ed731d0]" started-at="2023-05-30T19:59:41 EDT" name="afterEachTestMethod" finished-at="2023-05-30T19:59:43 EDT" duration-ms="1301" status="PASS">
          <params>
            <param index="0">
              <value>
                <![CDATA[[TestResult name=registerUserWithoutLastName status=SUCCESS method=RegisterNewUser.registerUserWithoutLastName()[pri:0, instance:nopCommerce.RegisterNewUser@5ed731d0] output={null}]]]>
              </value>
            </param>
          </params>
          <reporter-output>
          </reporter-output>
        </test-method> <!-- afterEachTestMethod -->
        <test-method is-config="true" signature="tearDownR()[pri:0, instance:nopCommerce.RegisterNewUser@5ed731d0]" started-at="2023-05-30T19:59:43 EDT" name="tearDownR" finished-at="2023-05-30T19:59:43 EDT" duration-ms="1" status="PASS">
          <reporter-output>
          </reporter-output>
        </test-method> <!-- tearDownR -->
        <test-method is-config="true" signature="setUp(java.lang.String,java.lang.String,java.lang.String,java.lang.String,java.lang.String,java.lang.String,java.lang.String)[pri:0, instance:nopCommerce.RegisterNewUser@5ed731d0]" started-at="2023-05-30T19:59:43 EDT" name="setUp" finished-at="2023-05-30T19:59:48 EDT" duration-ms="5113" status="PASS">
          <params>
            <param index="0">
              <value>
                <![CDATA[false]]>
              </value>
            </param>
            <param index="1">
              <value>
                <![CDATA[browserstack]]>
              </value>
            </param>
            <param index="2">
              <value>
                <![CDATA[windows]]>
              </value>
            </param>
            <param index="3">
              <value>
                <![CDATA[10]]>
              </value>
            </param>
            <param index="4">
              <value>
                <![CDATA[firefox]]>
              </value>
            </param>
            <param index="5">
              <value>
                <![CDATA[110]]>
              </value>
            </param>
            <param index="6">
              <value>
                <![CDATA[https://demo.nopcommerce.com/]]>
              </value>
            </param>
          </params>
          <reporter-output>
          </reporter-output>
        </test-method> <!-- setUp -->
        <test-method is-config="true" signature="startExtent(java.lang.reflect.Method)[pri:0, instance:nopCommerce.RegisterNewUser@5ed731d0]" started-at="2023-05-30T19:59:48 EDT" name="startExtent" finished-at="2023-05-30T19:59:48 EDT" duration-ms="2" status="PASS">
          <params>
            <param index="0">
              <value>
                <![CDATA[public void nopCommerce.RegisterNewUser.registerUserWithoutPassword()]]>
              </value>
            </param>
          </params>
          <reporter-output>
          </reporter-output>
        </test-method> <!-- startExtent -->
        <test-method signature="registerUserWithoutPassword()[pri:0, instance:nopCommerce.RegisterNewUser@5ed731d0]" started-at="2023-05-30T19:59:48 EDT" name="registerUserWithoutPassword" finished-at="2023-05-30T19:59:52 EDT" duration-ms="3868" status="PASS">
          <reporter-output>
          </reporter-output>
        </test-method> <!-- registerUserWithoutPassword -->
        <test-method is-config="true" signature="afterEachTestMethod(org.testng.ITestResult)[pri:0, instance:nopCommerce.RegisterNewUser@5ed731d0]" started-at="2023-05-30T19:59:52 EDT" name="afterEachTestMethod" finished-at="2023-05-30T19:59:53 EDT" duration-ms="1342" status="PASS">
          <params>
            <param index="0">
              <value>
                <![CDATA[[TestResult name=registerUserWithoutPassword status=SUCCESS method=RegisterNewUser.registerUserWithoutPassword()[pri:0, instance:nopCommerce.RegisterNewUser@5ed731d0] output={null}]]]>
              </value>
            </param>
          </params>
          <reporter-output>
          </reporter-output>
        </test-method> <!-- afterEachTestMethod -->
        <test-method is-config="true" signature="tearDownR()[pri:0, instance:nopCommerce.RegisterNewUser@5ed731d0]" started-at="2023-05-30T19:59:53 EDT" name="tearDownR" finished-at="2023-05-30T19:59:53 EDT" duration-ms="1" status="PASS">
          <reporter-output>
          </reporter-output>
        </test-method> <!-- tearDownR -->
        <test-method is-config="true" signature="generateReport()[pri:0, instance:nopCommerce.RegisterNewUser@5ed731d0]" started-at="2023-05-30T20:00:11 EDT" name="generateReport" finished-at="2023-05-30T20:00:11 EDT" duration-ms="49" status="PASS">
          <reporter-output>
          </reporter-output>
        </test-method> <!-- generateReport -->
      </class> <!-- nopCommerce.RegisterNewUser -->
      <class name="nopCommerce.LoginTest">
        <test-method is-config="true" signature="setUp(java.lang.String,java.lang.String,java.lang.String,java.lang.String,java.lang.String,java.lang.String,java.lang.String)[pri:0, instance:nopCommerce.LoginTest@4a55a6e8]" started-at="2023-05-30T19:59:53 EDT" name="setUp" finished-at="2023-05-30T19:59:58 EDT" duration-ms="5462" status="PASS">
          <params>
            <param index="0">
              <value>
                <![CDATA[false]]>
              </value>
            </param>
            <param index="1">
              <value>
                <![CDATA[browserstack]]>
              </value>
            </param>
            <param index="2">
              <value>
                <![CDATA[windows]]>
              </value>
            </param>
            <param index="3">
              <value>
                <![CDATA[10]]>
              </value>
            </param>
            <param index="4">
              <value>
                <![CDATA[firefox]]>
              </value>
            </param>
            <param index="5">
              <value>
                <![CDATA[110]]>
              </value>
            </param>
            <param index="6">
              <value>
                <![CDATA[https://demo.nopcommerce.com/]]>
              </value>
            </param>
          </params>
          <reporter-output>
          </reporter-output>
        </test-method> <!-- setUp -->
        <test-method is-config="true" signature="startExtent(java.lang.reflect.Method)[pri:0, instance:nopCommerce.LoginTest@4a55a6e8]" started-at="2023-05-30T19:59:58 EDT" name="startExtent" finished-at="2023-05-30T19:59:58 EDT" duration-ms="1" status="PASS">
          <params>
            <param index="0">
              <value>
                <![CDATA[public void nopCommerce.LoginTest.validCredential(java.lang.String,java.lang.String)]]>
              </value>
            </param>
          </params>
          <reporter-output>
          </reporter-output>
        </test-method> <!-- startExtent -->
        <test-method signature="validCredential(java.lang.String,java.lang.String)[pri:1, instance:nopCommerce.LoginTest@4a55a6e8]" started-at="2023-05-30T19:59:58 EDT" name="validCredential" data-provider="validLoginData" finished-at="2023-05-30T20:00:09 EDT" duration-ms="10786" status="PASS">
          <params>
            <param index="0">
              <value>
                <![CDATA[test002@gmail.com]]>
              </value>
            </param>
            <param index="1">
              <value>
                <![CDATA[qwerty@123]]>
              </value>
            </param>
          </params>
          <reporter-output>
          </reporter-output>
        </test-method> <!-- validCredential -->
        <test-method is-config="true" signature="afterEachTestMethod(org.testng.ITestResult)[pri:0, instance:nopCommerce.LoginTest@4a55a6e8]" started-at="2023-05-30T20:00:09 EDT" name="afterEachTestMethod" finished-at="2023-05-30T20:00:10 EDT" duration-ms="1244" status="PASS">
          <params>
            <param index="0">
              <value>
                <![CDATA[[TestResult name=validCredential status=SUCCESS method=LoginTest.validCredential(java.lang.String,java.lang.String)[pri:1, instance:nopCommerce.LoginTest@4a55a6e8] output={null}]]]>
              </value>
            </param>
          </params>
          <reporter-output>
          </reporter-output>
        </test-method> <!-- afterEachTestMethod -->
        <test-method is-config="true" signature="tearDownR()[pri:0, instance:nopCommerce.LoginTest@4a55a6e8]" started-at="2023-05-30T20:00:10 EDT" name="tearDownR" finished-at="2023-05-30T20:00:10 EDT" duration-ms="2" status="PASS">
          <reporter-output>
          </reporter-output>
        </test-method> <!-- tearDownR -->
      </class> <!-- nopCommerce.LoginTest -->
    </test> <!-- nopCommerce Tests -->
  </suite> <!-- nopCommerce test -->
</testng-results>
