<?xml version="1.0" encoding="UTF-8"?>
<testng-results ignored="0" total="4" passed="4" failed="0" skipped="0">
  <reporter-output>
    <line>
      <![CDATA[Extent Report DirectoryC:\Users\DELL G5\IdeaProjects\Final_exam_Selenium\test-output\html]]>
    </line>
  </reporter-output>
  <suite started-at="2023-05-30T21:43:56 MDT" name="orangeHRM test" finished-at="2023-05-30T21:46:29 MDT" duration-ms="153780">
    <groups>
      <group name="Buzz">
        <method signature="BuzzSection.sharePost(java.lang.String,java.lang.String,java.lang.String,java.lang.String)[pri:1, instance:orangeHRM.BuzzSection@275fe372]" name="sharePost" class="orangeHRM.BuzzSection"/>
        <method signature="BuzzSection.editSharedPost(java.lang.String,java.lang.String,java.lang.String,java.lang.String,java.lang.String)[pri:2, instance:orangeHRM.BuzzSection@275fe372]" name="editSharedPost" class="orangeHRM.BuzzSection"/>
        <method signature="BuzzSection.DeletePost(java.lang.String,java.lang.String,java.lang.String,java.lang.String)[pri:3, instance:orangeHRM.BuzzSection@275fe372]" name="DeletePost" class="orangeHRM.BuzzSection"/>
        <method signature="BuzzSection.addCommentAndLike(java.lang.String,java.lang.String,java.lang.String,java.lang.String)[pri:4, instance:orangeHRM.BuzzSection@275fe372]" name="addCommentAndLike" class="orangeHRM.BuzzSection"/>
      </group> <!-- Buzz -->
    </groups>
    <test started-at="2023-05-30T21:43:56 MDT" name="OrangeHRM tests" finished-at="2023-05-30T21:46:29 MDT" duration-ms="153780">
      <class name="orangeHRM.BuzzSection">
        <test-method is-config="true" signature="extentSetup(org.testng.ITestContext)[pri:0, instance:orangeHRM.BuzzSection@275fe372]" started-at="2023-05-30T21:43:55 MDT" name="extentSetup" finished-at="2023-05-30T21:43:56 MDT" duration-ms="176" status="PASS">
          <params>
            <param index="0">
              <value>
                <![CDATA[org.testng.TestRunner@7996d0d4]]>
              </value>
            </param>
          </params>
          <reporter-output>
            <line>
              <![CDATA[Extent Report DirectoryC:\Users\DELL G5\IdeaProjects\Final_exam_Selenium\test-output\html]]>
            </line>
          </reporter-output>
        </test-method> <!-- extentSetup -->
        <test-method is-config="true" signature="setUp(java.lang.String,java.lang.String,java.lang.String,java.lang.String,java.lang.String,java.lang.String,java.lang.String)[pri:0, instance:orangeHRM.BuzzSection@275fe372]" started-at="2023-05-30T21:43:56 MDT" name="setUp" finished-at="2023-05-30T21:44:01 MDT" duration-ms="5514" status="PASS">
          <params>
            <param index="0">
              <value>
                <![CDATA[false]]>
              </value>
            </param>
            <param index="1">
              <value>
                <![CDATA[browserstack]]>
              </value>
            </param>
            <param index="2">
              <value>
                <![CDATA[windows]]>
              </value>
            </param>
            <param index="3">
              <value>
                <![CDATA[10]]>
              </value>
            </param>
            <param index="4">
              <value>
                <![CDATA[chrome]]>
              </value>
            </param>
            <param index="5">
              <value>
                <![CDATA[110]]>
              </value>
            </param>
            <param index="6">
              <value>
                <![CDATA[https://opensource-demo.orangehrmlive.com/web/index.php/auth/login]]>
              </value>
            </param>
          </params>
          <reporter-output>
          </reporter-output>
        </test-method> <!-- setUp -->
        <test-method is-config="true" signature="startExtent(java.lang.reflect.Method)[pri:0, instance:orangeHRM.BuzzSection@275fe372]" started-at="2023-05-30T21:44:01 MDT" name="startExtent" finished-at="2023-05-30T21:44:01 MDT" duration-ms="12" status="PASS">
          <params>
            <param index="0">
              <value>
                <![CDATA[public void orangeHRM.BuzzSection.sharePost(java.lang.String,java.lang.String,java.lang.String,java.lang.String)]]>
              </value>
            </param>
          </params>
          <reporter-output>
          </reporter-output>
        </test-method> <!-- startExtent -->
        <test-method signature="sharePost(java.lang.String,java.lang.String,java.lang.String,java.lang.String)[pri:1, instance:orangeHRM.BuzzSection@275fe372]" started-at="2023-05-30T21:44:01 MDT" name="sharePost" data-provider="loginCredentials" finished-at="2023-05-30T21:44:31 MDT" duration-ms="30370" status="PASS">
          <params>
            <param index="0">
              <value>
                <![CDATA[Admin]]>
              </value>
            </param>
            <param index="1">
              <value>
                <![CDATA[admin123]]>
              </value>
            </param>
            <param index="2">
              <value>
                <![CDATA[Hi, this is just a test]]>
              </value>
            </param>
            <param index="3">
              <value>
                <![CDATA[orangeHRM]]>
              </value>
            </param>
          </params>
          <reporter-output>
          </reporter-output>
        </test-method> <!-- sharePost -->
        <test-method is-config="true" signature="afterEachTestMethod(org.testng.ITestResult)[pri:0, instance:orangeHRM.BuzzSection@275fe372]" started-at="2023-05-30T21:44:31 MDT" name="afterEachTestMethod" finished-at="2023-05-30T21:44:33 MDT" duration-ms="1375" status="PASS">
          <params>
            <param index="0">
              <value>
                <![CDATA[[TestResult name=sharePost status=SUCCESS method=BuzzSection.sharePost(java.lang.String,java.lang.String,java.lang.String,java.lang.String)[pri:1, instance:orangeHRM.BuzzSection@275fe372] output={null}]]]>
              </value>
            </param>
          </params>
          <reporter-output>
          </reporter-output>
        </test-method> <!-- afterEachTestMethod -->
        <test-method is-config="true" signature="tearDownR()[pri:0, instance:orangeHRM.BuzzSection@275fe372]" started-at="2023-05-30T21:44:33 MDT" name="tearDownR" finished-at="2023-05-30T21:44:33 MDT" duration-ms="1" status="PASS">
          <reporter-output>
          </reporter-output>
        </test-method> <!-- tearDownR -->
        <test-method is-config="true" signature="setUp(java.lang.String,java.lang.String,java.lang.String,java.lang.String,java.lang.String,java.lang.String,java.lang.String)[pri:0, instance:orangeHRM.BuzzSection@275fe372]" started-at="2023-05-30T21:44:33 MDT" name="setUp" finished-at="2023-05-30T21:44:40 MDT" duration-ms="7370" status="PASS">
          <params>
            <param index="0">
              <value>
                <![CDATA[false]]>
              </value>
            </param>
            <param index="1">
              <value>
                <![CDATA[browserstack]]>
              </value>
            </param>
            <param index="2">
              <value>
                <![CDATA[windows]]>
              </value>
            </param>
            <param index="3">
              <value>
                <![CDATA[10]]>
              </value>
            </param>
            <param index="4">
              <value>
                <![CDATA[chrome]]>
              </value>
            </param>
            <param index="5">
              <value>
                <![CDATA[110]]>
              </value>
            </param>
            <param index="6">
              <value>
                <![CDATA[https://opensource-demo.orangehrmlive.com/web/index.php/auth/login]]>
              </value>
            </param>
          </params>
          <reporter-output>
          </reporter-output>
        </test-method> <!-- setUp -->
        <test-method is-config="true" signature="startExtent(java.lang.reflect.Method)[pri:0, instance:orangeHRM.BuzzSection@275fe372]" started-at="2023-05-30T21:44:40 MDT" name="startExtent" finished-at="2023-05-30T21:44:40 MDT" duration-ms="3" status="PASS">
          <params>
            <param index="0">
              <value>
                <![CDATA[public void orangeHRM.BuzzSection.editSharedPost(java.lang.String,java.lang.String,java.lang.String,java.lang.String,java.lang.String)]]>
              </value>
            </param>
          </params>
          <reporter-output>
          </reporter-output>
        </test-method> <!-- startExtent -->
        <test-method signature="editSharedPost(java.lang.String,java.lang.String,java.lang.String,java.lang.String,java.lang.String)[pri:2, instance:orangeHRM.BuzzSection@275fe372]" started-at="2023-05-30T21:44:40 MDT" name="editSharedPost" data-provider="EditPost" finished-at="2023-05-30T21:45:25 MDT" duration-ms="44371" status="PASS">
          <params>
            <param index="0">
              <value>
                <![CDATA[Admin]]>
              </value>
            </param>
            <param index="1">
              <value>
                <![CDATA[admin123]]>
              </value>
            </param>
            <param index="2">
              <value>
                <![CDATA[Hi, this is just a test]]>
              </value>
            </param>
            <param index="3">
              <value>
                <![CDATA[orangeHRM]]>
              </value>
            </param>
            <param index="4">
              <value>
                <![CDATA[C:\Users\DELL G5\IdeaProjects\Final_exam_Selenium\screenShots\orangeHRM\analysis.png]]>
              </value>
            </param>
          </params>
          <reporter-output>
          </reporter-output>
        </test-method> <!-- editSharedPost -->
        <test-method is-config="true" signature="afterEachTestMethod(org.testng.ITestResult)[pri:0, instance:orangeHRM.BuzzSection@275fe372]" started-at="2023-05-30T21:45:25 MDT" name="afterEachTestMethod" finished-at="2023-05-30T21:45:25 MDT" duration-ms="722" status="PASS">
          <params>
            <param index="0">
              <value>
                <![CDATA[[TestResult name=editSharedPost status=SUCCESS method=BuzzSection.editSharedPost(java.lang.String,java.lang.String,java.lang.String,java.lang.String,java.lang.String)[pri:2, instance:orangeHRM.BuzzSection@275fe372] output={null}]]]>
              </value>
            </param>
          </params>
          <reporter-output>
          </reporter-output>
        </test-method> <!-- afterEachTestMethod -->
        <test-method is-config="true" signature="tearDownR()[pri:0, instance:orangeHRM.BuzzSection@275fe372]" started-at="2023-05-30T21:45:25 MDT" name="tearDownR" finished-at="2023-05-30T21:45:25 MDT" duration-ms="1" status="PASS">
          <reporter-output>
          </reporter-output>
        </test-method> <!-- tearDownR -->
        <test-method is-config="true" signature="setUp(java.lang.String,java.lang.String,java.lang.String,java.lang.String,java.lang.String,java.lang.String,java.lang.String)[pri:0, instance:orangeHRM.BuzzSection@275fe372]" started-at="2023-05-30T21:45:25 MDT" name="setUp" finished-at="2023-05-30T21:45:30 MDT" duration-ms="4500" status="PASS">
          <params>
            <param index="0">
              <value>
                <![CDATA[false]]>
              </value>
            </param>
            <param index="1">
              <value>
                <![CDATA[browserstack]]>
              </value>
            </param>
            <param index="2">
              <value>
                <![CDATA[windows]]>
              </value>
            </param>
            <param index="3">
              <value>
                <![CDATA[10]]>
              </value>
            </param>
            <param index="4">
              <value>
                <![CDATA[chrome]]>
              </value>
            </param>
            <param index="5">
              <value>
                <![CDATA[110]]>
              </value>
            </param>
            <param index="6">
              <value>
                <![CDATA[https://opensource-demo.orangehrmlive.com/web/index.php/auth/login]]>
              </value>
            </param>
          </params>
          <reporter-output>
          </reporter-output>
        </test-method> <!-- setUp -->
        <test-method is-config="true" signature="startExtent(java.lang.reflect.Method)[pri:0, instance:orangeHRM.BuzzSection@275fe372]" started-at="2023-05-30T21:45:30 MDT" name="startExtent" finished-at="2023-05-30T21:45:30 MDT" duration-ms="0" status="PASS">
          <params>
            <param index="0">
              <value>
                <![CDATA[public void orangeHRM.BuzzSection.DeletePost(java.lang.String,java.lang.String,java.lang.String,java.lang.String)]]>
              </value>
            </param>
          </params>
          <reporter-output>
          </reporter-output>
        </test-method> <!-- startExtent -->
        <test-method signature="DeletePost(java.lang.String,java.lang.String,java.lang.String,java.lang.String)[pri:3, instance:orangeHRM.BuzzSection@275fe372]" started-at="2023-05-30T21:45:30 MDT" name="DeletePost" data-provider="deletePost" finished-at="2023-05-30T21:45:56 MDT" duration-ms="26645" status="PASS">
          <params>
            <param index="0">
              <value>
                <![CDATA[Admin]]>
              </value>
            </param>
            <param index="1">
              <value>
                <![CDATA[admin123]]>
              </value>
            </param>
            <param index="2">
              <value>
                <![CDATA[Hi, this is just a test]]>
              </value>
            </param>
            <param index="3">
              <value>
                <![CDATA[orangeHRM]]>
              </value>
            </param>
          </params>
          <reporter-output>
          </reporter-output>
        </test-method> <!-- DeletePost -->
        <test-method is-config="true" signature="afterEachTestMethod(org.testng.ITestResult)[pri:0, instance:orangeHRM.BuzzSection@275fe372]" started-at="2023-05-30T21:45:56 MDT" name="afterEachTestMethod" finished-at="2023-05-30T21:45:58 MDT" duration-ms="1217" status="PASS">
          <params>
            <param index="0">
              <value>
                <![CDATA[[TestResult name=DeletePost status=SUCCESS method=BuzzSection.DeletePost(java.lang.String,java.lang.String,java.lang.String,java.lang.String)[pri:3, instance:orangeHRM.BuzzSection@275fe372] output={null}]]]>
              </value>
            </param>
          </params>
          <reporter-output>
          </reporter-output>
        </test-method> <!-- afterEachTestMethod -->
        <test-method is-config="true" signature="tearDownR()[pri:0, instance:orangeHRM.BuzzSection@275fe372]" started-at="2023-05-30T21:45:58 MDT" name="tearDownR" finished-at="2023-05-30T21:45:58 MDT" duration-ms="1" status="PASS">
          <reporter-output>
          </reporter-output>
        </test-method> <!-- tearDownR -->
        <test-method is-config="true" signature="setUp(java.lang.String,java.lang.String,java.lang.String,java.lang.String,java.lang.String,java.lang.String,java.lang.String)[pri:0, instance:orangeHRM.BuzzSection@275fe372]" started-at="2023-05-30T21:45:58 MDT" name="setUp" finished-at="2023-05-30T21:46:07 MDT" duration-ms="9000" status="PASS">
          <params>
            <param index="0">
              <value>
                <![CDATA[false]]>
              </value>
            </param>
            <param index="1">
              <value>
                <![CDATA[browserstack]]>
              </value>
            </param>
            <param index="2">
              <value>
                <![CDATA[windows]]>
              </value>
            </param>
            <param index="3">
              <value>
                <![CDATA[10]]>
              </value>
            </param>
            <param index="4">
              <value>
                <![CDATA[chrome]]>
              </value>
            </param>
            <param index="5">
              <value>
                <![CDATA[110]]>
              </value>
            </param>
            <param index="6">
              <value>
                <![CDATA[https://opensource-demo.orangehrmlive.com/web/index.php/auth/login]]>
              </value>
            </param>
          </params>
          <reporter-output>
          </reporter-output>
        </test-method> <!-- setUp -->
        <test-method is-config="true" signature="startExtent(java.lang.reflect.Method)[pri:0, instance:orangeHRM.BuzzSection@275fe372]" started-at="2023-05-30T21:46:07 MDT" name="startExtent" finished-at="2023-05-30T21:46:07 MDT" duration-ms="1" status="PASS">
          <params>
            <param index="0">
              <value>
                <![CDATA[public void orangeHRM.BuzzSection.addCommentAndLike(java.lang.String,java.lang.String,java.lang.String,java.lang.String)]]>
              </value>
            </param>
          </params>
          <reporter-output>
          </reporter-output>
        </test-method> <!-- startExtent -->
        <test-method signature="addCommentAndLike(java.lang.String,java.lang.String,java.lang.String,java.lang.String)[pri:4, instance:orangeHRM.BuzzSection@275fe372]" started-at="2023-05-30T21:46:07 MDT" name="addCommentAndLike" data-provider="addComment" finished-at="2023-05-30T21:46:29 MDT" duration-ms="21811" status="PASS">
          <params>
            <param index="0">
              <value>
                <![CDATA[Admin]]>
              </value>
            </param>
            <param index="1">
              <value>
                <![CDATA[admin123]]>
              </value>
            </param>
            <param index="2">
              <value>
                <![CDATA[Hello Word]]>
              </value>
            </param>
            <param index="3">
              <value>
                <![CDATA[orangeHRM]]>
              </value>
            </param>
          </params>
          <reporter-output>
          </reporter-output>
        </test-method> <!-- addCommentAndLike -->
        <test-method is-config="true" signature="afterEachTestMethod(org.testng.ITestResult)[pri:0, instance:orangeHRM.BuzzSection@275fe372]" started-at="2023-05-30T21:46:29 MDT" name="afterEachTestMethod" finished-at="2023-05-30T21:46:29 MDT" duration-ms="808" status="PASS">
          <params>
            <param index="0">
              <value>
                <![CDATA[[TestResult name=addCommentAndLike status=SUCCESS method=BuzzSection.addCommentAndLike(java.lang.String,java.lang.String,java.lang.String,java.lang.String)[pri:4, instance:orangeHRM.BuzzSection@275fe372] output={null}]]]>
              </value>
            </param>
          </params>
          <reporter-output>
          </reporter-output>
        </test-method> <!-- afterEachTestMethod -->
        <test-method is-config="true" signature="tearDownR()[pri:0, instance:orangeHRM.BuzzSection@275fe372]" started-at="2023-05-30T21:46:29 MDT" name="tearDownR" finished-at="2023-05-30T21:46:29 MDT" duration-ms="0" status="PASS">
          <reporter-output>
          </reporter-output>
        </test-method> <!-- tearDownR -->
        <test-method is-config="true" signature="generateReport()[pri:0, instance:orangeHRM.BuzzSection@275fe372]" started-at="2023-05-30T21:46:29 MDT" name="generateReport" finished-at="2023-05-30T21:46:31 MDT" duration-ms="1244" status="PASS">
          <reporter-output>
          </reporter-output>
        </test-method> <!-- generateReport -->
      </class> <!-- orangeHRM.BuzzSection -->
    </test> <!-- OrangeHRM tests -->
  </suite> <!-- orangeHRM test -->
</testng-results>
