<?xml version="1.0" encoding="UTF-8"?>
<testng-results ignored="0" total="0" passed="0" failed="0" skipped="0">
  <reporter-output>
  </reporter-output>
  <suite started-at="2023-05-07T16:34:10 MDT" name="Qafox test" finished-at="2023-05-07T16:34:10 MDT" duration-ms="37">
    <groups>
    </groups>
    <test started-at="2023-05-07T16:34:10 MDT" name="login test" finished-at="2023-05-07T16:34:10 MDT" duration-ms="37">
    </test> <!-- login test -->
  </suite> <!-- Qafox test -->
</testng-results>
