<?xml version="1.0" encoding="UTF-8"?>
<testng-results ignored="0" total="4" passed="3" failed="1" skipped="0">
  <reporter-output>
    <line>
      <![CDATA[Extent Report DirectoryC:\Users\My Pc\eclipse-workspace\Final_exam_Selenium\test-output\html]]>
    </line>
  </reporter-output>
  <suite started-at="2023-05-21T00:58:24 EDT" name="tutorialsNinja test" finished-at="2023-05-21T00:59:05 EDT" duration-ms="40836">
    <groups>
    </groups>
    <test started-at="2023-05-21T00:58:24 EDT" name=" SearchProductsTest" finished-at="2023-05-21T00:59:05 EDT" duration-ms="40836">
      <class name="tutorialsNinja.SearchProductsTest">
        <test-method is-config="true" signature="extentSetup(org.testng.ITestContext)[pri:0, instance:tutorialsNinja.SearchProductsTest@79d94571]" started-at="2023-05-21T00:58:24 EDT" name="extentSetup" finished-at="2023-05-21T00:58:24 EDT" duration-ms="239" status="PASS">
          <params>
            <param index="0">
              <value>
                <![CDATA[org.testng.TestRunner@2bebd114]]>
              </value>
            </param>
          </params>
          <reporter-output>
            <line>
              <![CDATA[Extent Report DirectoryC:\Users\My Pc\eclipse-workspace\Final_exam_Selenium\test-output\html]]>
            </line>
          </reporter-output>
        </test-method> <!-- extentSetup -->
        <test-method is-config="true" signature="setUp(java.lang.String,java.lang.String,java.lang.String,java.lang.String,java.lang.String,java.lang.String,java.lang.String)[pri:0, instance:tutorialsNinja.SearchProductsTest@79d94571]" started-at="2023-05-21T00:58:24 EDT" name="setUp" finished-at="2023-05-21T00:58:33 EDT" duration-ms="8566" status="PASS">
          <params>
            <param index="0">
              <value>
                <![CDATA[false]]>
              </value>
            </param>
            <param index="1">
              <value>
                <![CDATA[browserstack]]>
              </value>
            </param>
            <param index="2">
              <value>
                <![CDATA[windows]]>
              </value>
            </param>
            <param index="3">
              <value>
                <![CDATA[11]]>
              </value>
            </param>
            <param index="4">
              <value>
                <![CDATA[chrome]]>
              </value>
            </param>
            <param index="5">
              <value>
                <![CDATA[112]]>
              </value>
            </param>
            <param index="6">
              <value>
                <![CDATA[https://tutorialsninja.com/demo/index.php?route=account/login]]>
              </value>
            </param>
          </params>
          <reporter-output>
          </reporter-output>
        </test-method> <!-- setUp -->
        <test-method is-config="true" signature="startExtent(java.lang.reflect.Method)[pri:0, instance:tutorialsNinja.SearchProductsTest@79d94571]" started-at="2023-05-21T00:58:33 EDT" name="startExtent" finished-at="2023-05-21T00:58:33 EDT" duration-ms="12" status="PASS">
          <params>
            <param index="0">
              <value>
                <![CDATA[public void tutorialsNinja.SearchProductsTest.verifyProductDisplayCount()]]>
              </value>
            </param>
          </params>
          <reporter-output>
          </reporter-output>
        </test-method> <!-- startExtent -->
        <test-method signature="verifyProductDisplayCount()[pri:0, instance:tutorialsNinja.SearchProductsTest@79d94571]" started-at="2023-05-21T00:58:33 EDT" name="verifyProductDisplayCount" finished-at="2023-05-21T00:58:35 EDT" duration-ms="2237" status="FAIL">
          <exception class="java.lang.AssertionError">
            <message>
              <![CDATA[Displayed product count doesn't match the selected count expected [100] but found [3]]]>
            </message>
            <full-stacktrace>
              <![CDATA[java.lang.AssertionError: Displayed product count doesn't match the selected count expected [100] but found [3]
at org.testng.Assert.fail(Assert.java:110)
at org.testng.Assert.failNotEquals(Assert.java:1577)
at org.testng.Assert.assertEqualsImpl(Assert.java:149)
at org.testng.Assert.assertEquals(Assert.java:131)
at org.testng.Assert.assertEquals(Assert.java:1418)
at org.testng.Assert.assertEquals(Assert.java:1382)
at tutorialsNinja.SearchProductsTest.verifyProductDisplayCount(SearchProductsTest.java:117)
at java.base/jdk.internal.reflect.DirectMethodHandleAccessor.invoke(DirectMethodHandleAccessor.java:104)
at java.base/java.lang.reflect.Method.invoke(Method.java:578)
at org.testng.internal.invokers.MethodInvocationHelper.invokeMethod(MethodInvocationHelper.java:139)
at org.testng.internal.invokers.TestInvoker.invokeMethod(TestInvoker.java:677)
at org.testng.internal.invokers.TestInvoker.invokeTestMethod(TestInvoker.java:221)
at org.testng.internal.invokers.MethodRunner.runInSequence(MethodRunner.java:50)
at org.testng.internal.invokers.TestInvoker$MethodInvocationAgent.invoke(TestInvoker.java:969)
at org.testng.internal.invokers.TestInvoker.invokeTestMethods(TestInvoker.java:194)
at org.testng.internal.invokers.TestMethodWorker.invokeTestMethods(TestMethodWorker.java:148)
at org.testng.internal.invokers.TestMethodWorker.run(TestMethodWorker.java:128)
at java.base/java.util.ArrayList.forEach(ArrayList.java:1511)
at org.testng.TestRunner.privateRun(TestRunner.java:829)
at org.testng.TestRunner.run(TestRunner.java:602)
at org.testng.SuiteRunner.runTest(SuiteRunner.java:437)
at org.testng.SuiteRunner.runSequentially(SuiteRunner.java:431)
at org.testng.SuiteRunner.privateRun(SuiteRunner.java:391)
at org.testng.SuiteRunner.run(SuiteRunner.java:330)
at org.testng.SuiteRunnerWorker.runSuite(SuiteRunnerWorker.java:52)
at org.testng.SuiteRunnerWorker.run(SuiteRunnerWorker.java:95)
at org.testng.TestNG.runSuitesSequentially(TestNG.java:1256)
at org.testng.TestNG.runSuitesLocally(TestNG.java:1176)
at org.testng.TestNG.runSuites(TestNG.java:1099)
at org.testng.TestNG.run(TestNG.java:1067)
at com.intellij.rt.testng.IDEARemoteTestNG.run(IDEARemoteTestNG.java:66)
at com.intellij.rt.testng.RemoteTestNGStarter.main(RemoteTestNGStarter.java:105)
]]>
            </full-stacktrace>
          </exception> <!-- java.lang.AssertionError -->
          <reporter-output>
          </reporter-output>
        </test-method> <!-- verifyProductDisplayCount -->
        <test-method is-config="true" signature="afterEachTestMethod(org.testng.ITestResult)[pri:0, instance:tutorialsNinja.SearchProductsTest@79d94571]" started-at="2023-05-21T00:58:35 EDT" name="afterEachTestMethod" finished-at="2023-05-21T00:58:36 EDT" duration-ms="717" status="PASS">
          <params>
            <param index="0">
              <value>
                <![CDATA[[TestResult name=verifyProductDisplayCount status=FAILURE method=SearchProductsTest.verifyProductDisplayCount()[pri:0, instance:tutorialsNinja.SearchProductsTest@79d94571] output={null}]]]>
              </value>
            </param>
          </params>
          <reporter-output>
          </reporter-output>
        </test-method> <!-- afterEachTestMethod -->
        <test-method is-config="true" signature="tearDownR()[pri:0, instance:tutorialsNinja.SearchProductsTest@79d94571]" started-at="2023-05-21T00:58:36 EDT" name="tearDownR" finished-at="2023-05-21T00:58:36 EDT" duration-ms="1" status="PASS">
          <reporter-output>
          </reporter-output>
        </test-method> <!-- tearDownR -->
        <test-method is-config="true" signature="setUp(java.lang.String,java.lang.String,java.lang.String,java.lang.String,java.lang.String,java.lang.String,java.lang.String)[pri:0, instance:tutorialsNinja.SearchProductsTest@79d94571]" started-at="2023-05-21T00:58:36 EDT" name="setUp" finished-at="2023-05-21T00:58:44 EDT" duration-ms="7620" status="PASS">
          <params>
            <param index="0">
              <value>
                <![CDATA[false]]>
              </value>
            </param>
            <param index="1">
              <value>
                <![CDATA[browserstack]]>
              </value>
            </param>
            <param index="2">
              <value>
                <![CDATA[windows]]>
              </value>
            </param>
            <param index="3">
              <value>
                <![CDATA[11]]>
              </value>
            </param>
            <param index="4">
              <value>
                <![CDATA[chrome]]>
              </value>
            </param>
            <param index="5">
              <value>
                <![CDATA[112]]>
              </value>
            </param>
            <param index="6">
              <value>
                <![CDATA[https://tutorialsninja.com/demo/index.php?route=account/login]]>
              </value>
            </param>
          </params>
          <reporter-output>
          </reporter-output>
        </test-method> <!-- setUp -->
        <test-method is-config="true" signature="startExtent(java.lang.reflect.Method)[pri:0, instance:tutorialsNinja.SearchProductsTest@79d94571]" started-at="2023-05-21T00:58:44 EDT" name="startExtent" finished-at="2023-05-21T00:58:44 EDT" duration-ms="1" status="PASS">
          <params>
            <param index="0">
              <value>
                <![CDATA[public void tutorialsNinja.SearchProductsTest.verifySearchWithANonExistingProduct()]]>
              </value>
            </param>
          </params>
          <reporter-output>
          </reporter-output>
        </test-method> <!-- startExtent -->
        <test-method signature="verifySearchWithANonExistingProduct()[pri:0, instance:tutorialsNinja.SearchProductsTest@79d94571]" started-at="2023-05-21T00:58:44 EDT" name="verifySearchWithANonExistingProduct" finished-at="2023-05-21T00:58:44 EDT" duration-ms="779" status="PASS">
          <reporter-output>
          </reporter-output>
        </test-method> <!-- verifySearchWithANonExistingProduct -->
        <test-method is-config="true" signature="afterEachTestMethod(org.testng.ITestResult)[pri:0, instance:tutorialsNinja.SearchProductsTest@79d94571]" started-at="2023-05-21T00:58:44 EDT" name="afterEachTestMethod" finished-at="2023-05-21T00:58:45 EDT" duration-ms="380" status="PASS">
          <params>
            <param index="0">
              <value>
                <![CDATA[[TestResult name=verifySearchWithANonExistingProduct status=SUCCESS method=SearchProductsTest.verifySearchWithANonExistingProduct()[pri:0, instance:tutorialsNinja.SearchProductsTest@79d94571] output={null}]]]>
              </value>
            </param>
          </params>
          <reporter-output>
          </reporter-output>
        </test-method> <!-- afterEachTestMethod -->
        <test-method is-config="true" signature="tearDownR()[pri:0, instance:tutorialsNinja.SearchProductsTest@79d94571]" started-at="2023-05-21T00:58:45 EDT" name="tearDownR" finished-at="2023-05-21T00:58:45 EDT" duration-ms="1" status="PASS">
          <reporter-output>
          </reporter-output>
        </test-method> <!-- tearDownR -->
        <test-method is-config="true" signature="setUp(java.lang.String,java.lang.String,java.lang.String,java.lang.String,java.lang.String,java.lang.String,java.lang.String)[pri:0, instance:tutorialsNinja.SearchProductsTest@79d94571]" started-at="2023-05-21T00:58:45 EDT" name="setUp" finished-at="2023-05-21T00:58:53 EDT" duration-ms="8044" status="PASS">
          <params>
            <param index="0">
              <value>
                <![CDATA[false]]>
              </value>
            </param>
            <param index="1">
              <value>
                <![CDATA[browserstack]]>
              </value>
            </param>
            <param index="2">
              <value>
                <![CDATA[windows]]>
              </value>
            </param>
            <param index="3">
              <value>
                <![CDATA[11]]>
              </value>
            </param>
            <param index="4">
              <value>
                <![CDATA[chrome]]>
              </value>
            </param>
            <param index="5">
              <value>
                <![CDATA[112]]>
              </value>
            </param>
            <param index="6">
              <value>
                <![CDATA[https://tutorialsninja.com/demo/index.php?route=account/login]]>
              </value>
            </param>
          </params>
          <reporter-output>
          </reporter-output>
        </test-method> <!-- setUp -->
        <test-method is-config="true" signature="startExtent(java.lang.reflect.Method)[pri:0, instance:tutorialsNinja.SearchProductsTest@79d94571]" started-at="2023-05-21T00:58:53 EDT" name="startExtent" finished-at="2023-05-21T00:58:53 EDT" duration-ms="2" status="PASS">
          <params>
            <param index="0">
              <value>
                <![CDATA[public void tutorialsNinja.SearchProductsTest.verifySearchWithAnExistingProduct()]]>
              </value>
            </param>
          </params>
          <reporter-output>
          </reporter-output>
        </test-method> <!-- startExtent -->
        <test-method signature="verifySearchWithAnExistingProduct()[pri:0, instance:tutorialsNinja.SearchProductsTest@79d94571]" started-at="2023-05-21T00:58:53 EDT" name="verifySearchWithAnExistingProduct" finished-at="2023-05-21T00:58:54 EDT" duration-ms="1592" status="PASS">
          <reporter-output>
          </reporter-output>
        </test-method> <!-- verifySearchWithAnExistingProduct -->
        <test-method is-config="true" signature="afterEachTestMethod(org.testng.ITestResult)[pri:0, instance:tutorialsNinja.SearchProductsTest@79d94571]" started-at="2023-05-21T00:58:54 EDT" name="afterEachTestMethod" finished-at="2023-05-21T00:58:55 EDT" duration-ms="376" status="PASS">
          <params>
            <param index="0">
              <value>
                <![CDATA[[TestResult name=verifySearchWithAnExistingProduct status=SUCCESS method=SearchProductsTest.verifySearchWithAnExistingProduct()[pri:0, instance:tutorialsNinja.SearchProductsTest@79d94571] output={null}]]]>
              </value>
            </param>
          </params>
          <reporter-output>
          </reporter-output>
        </test-method> <!-- afterEachTestMethod -->
        <test-method is-config="true" signature="tearDownR()[pri:0, instance:tutorialsNinja.SearchProductsTest@79d94571]" started-at="2023-05-21T00:58:55 EDT" name="tearDownR" finished-at="2023-05-21T00:58:55 EDT" duration-ms="1" status="PASS">
          <reporter-output>
          </reporter-output>
        </test-method> <!-- tearDownR -->
        <test-method is-config="true" signature="setUp(java.lang.String,java.lang.String,java.lang.String,java.lang.String,java.lang.String,java.lang.String,java.lang.String)[pri:0, instance:tutorialsNinja.SearchProductsTest@79d94571]" started-at="2023-05-21T00:58:55 EDT" name="setUp" finished-at="2023-05-21T00:59:03 EDT" duration-ms="8355" status="PASS">
          <params>
            <param index="0">
              <value>
                <![CDATA[false]]>
              </value>
            </param>
            <param index="1">
              <value>
                <![CDATA[browserstack]]>
              </value>
            </param>
            <param index="2">
              <value>
                <![CDATA[windows]]>
              </value>
            </param>
            <param index="3">
              <value>
                <![CDATA[11]]>
              </value>
            </param>
            <param index="4">
              <value>
                <![CDATA[chrome]]>
              </value>
            </param>
            <param index="5">
              <value>
                <![CDATA[112]]>
              </value>
            </param>
            <param index="6">
              <value>
                <![CDATA[https://tutorialsninja.com/demo/index.php?route=account/login]]>
              </value>
            </param>
          </params>
          <reporter-output>
          </reporter-output>
        </test-method> <!-- setUp -->
        <test-method is-config="true" signature="startExtent(java.lang.reflect.Method)[pri:0, instance:tutorialsNinja.SearchProductsTest@79d94571]" started-at="2023-05-21T00:59:03 EDT" name="startExtent" finished-at="2023-05-21T00:59:03 EDT" duration-ms="2" status="PASS">
          <params>
            <param index="0">
              <value>
                <![CDATA[public void tutorialsNinja.SearchProductsTest.verifyUsernavigatedToTHeSearchHomePage()]]>
              </value>
            </param>
          </params>
          <reporter-output>
          </reporter-output>
        </test-method> <!-- startExtent -->
        <test-method signature="verifyUsernavigatedToTHeSearchHomePage()[pri:0, instance:tutorialsNinja.SearchProductsTest@79d94571]" started-at="2023-05-21T00:59:03 EDT" name="verifyUsernavigatedToTHeSearchHomePage" finished-at="2023-05-21T00:59:05 EDT" duration-ms="1716" status="PASS">
          <reporter-output>
          </reporter-output>
        </test-method> <!-- verifyUsernavigatedToTHeSearchHomePage -->
        <test-method is-config="true" signature="afterEachTestMethod(org.testng.ITestResult)[pri:0, instance:tutorialsNinja.SearchProductsTest@79d94571]" started-at="2023-05-21T00:59:05 EDT" name="afterEachTestMethod" finished-at="2023-05-21T00:59:05 EDT" duration-ms="360" status="PASS">
          <params>
            <param index="0">
              <value>
                <![CDATA[[TestResult name=verifyUsernavigatedToTHeSearchHomePage status=SUCCESS method=SearchProductsTest.verifyUsernavigatedToTHeSearchHomePage()[pri:0, instance:tutorialsNinja.SearchProductsTest@79d94571] output={null}]]]>
              </value>
            </param>
          </params>
          <reporter-output>
          </reporter-output>
        </test-method> <!-- afterEachTestMethod -->
        <test-method is-config="true" signature="tearDownR()[pri:0, instance:tutorialsNinja.SearchProductsTest@79d94571]" started-at="2023-05-21T00:59:05 EDT" name="tearDownR" finished-at="2023-05-21T00:59:05 EDT" duration-ms="1" status="PASS">
          <reporter-output>
          </reporter-output>
        </test-method> <!-- tearDownR -->
        <test-method is-config="true" signature="generateReport()[pri:0, instance:tutorialsNinja.SearchProductsTest@79d94571]" started-at="2023-05-21T00:59:05 EDT" name="generateReport" finished-at="2023-05-21T00:59:05 EDT" duration-ms="91" status="PASS">
          <reporter-output>
          </reporter-output>
        </test-method> <!-- generateReport -->
      </class> <!-- tutorialsNinja.SearchProductsTest -->
    </test> <!--  SearchProductsTest -->
  </suite> <!-- tutorialsNinja test -->
</testng-results>
